node[27905]: (27905) /var/lib/jenkins/workspace/agora-release-linux-2/ServerSDK-Video/src/rec_engine/RecordingEngineImpl.cpp:452: [Wrapper version] 02a07409dcbe560d80010f37e3b818622624e3f6
node[27905]: (27905) /var/lib/jenkins/workspace/agora-release-linux-2/ServerSDK-Video/src/rec_engine/RecordingEngineImpl.cpp:453: =======params ======
node[27905]: (27905) /var/lib/jenkins/workspace/agora-release-linux-2/ServerSDK-Video/src/rec_engine/RecordingEngineImpl.cpp:455: /home/oshima/Agora-Restful-Recording-Nodejs_jimmy/record/src/sdk/bin/AgoraCoreService
node[27905]: (27905) /var/lib/jenkins/workspace/agora-release-linux-2/ServerSDK-Video/src/rec_engine/RecordingEngineImpl.cpp:455: --app_id
node[27905]: (27905) /var/lib/jenkins/workspace/agora-release-linux-2/ServerSDK-Video/src/rec_engine/RecordingEngineImpl.cpp:455: f5e50500ef5f47fab9f959f6c921e939
node[27905]: (27905) /var/lib/jenkins/workspace/agora-release-linux-2/ServerSDK-Video/src/rec_engine/RecordingEngineImpl.cpp:455: --channel_key
node[27905]: (27905) /var/lib/jenkins/workspace/agora-release-linux-2/ServerSDK-Video/src/rec_engine/RecordingEngineImpl.cpp:455: f5e50500ef5f47fab9f959f6c921e939
node[27905]: (27905) /var/lib/jenkins/workspace/agora-release-linux-2/ServerSDK-Video/src/rec_engine/RecordingEngineImpl.cpp:455: --channel_id
node[27905]: (27905) /var/lib/jenkins/workspace/agora-release-linux-2/ServerSDK-Video/src/rec_engine/RecordingEngineImpl.cpp:455: abc
node[27905]: (27905) /var/lib/jenkins/workspace/agora-release-linux-2/ServerSDK-Video/src/rec_engine/RecordingEngineImpl.cpp:455: --mix
node[27905]: (27905) /var/lib/jenkins/workspace/agora-release-linux-2/ServerSDK-Video/src/rec_engine/RecordingEngineImpl.cpp:455: 1
node[27905]: (27905) /var/lib/jenkins/workspace/agora-release-linux-2/ServerSDK-Video/src/rec_engine/RecordingEngineImpl.cpp:455: --mixedVideoAudio
node[27905]: (27905) /var/lib/jenkins/workspace/agora-release-linux-2/ServerSDK-Video/src/rec_engine/RecordingEngineImpl.cpp:455: 1
node[27905]: (27905) /var/lib/jenkins/workspace/agora-release-linux-2/ServerSDK-Video/src/rec_engine/RecordingEngineImpl.cpp:455: --live
node[27905]: (27905) /var/lib/jenkins/workspace/agora-release-linux-2/ServerSDK-Video/src/rec_engine/RecordingEngineImpl.cpp:455: 1
node[27905]: (27905) /var/lib/jenkins/workspace/agora-release-linux-2/ServerSDK-Video/src/rec_engine/RecordingEngineImpl.cpp:455: --idle
node[27905]: (27905) /var/lib/jenkins/workspace/agora-release-linux-2/ServerSDK-Video/src/rec_engine/RecordingEngineImpl.cpp:455: 10
node[27905]: (27905) /var/lib/jenkins/workspace/agora-release-linux-2/ServerSDK-Video/src/rec_engine/RecordingEngineImpl.cpp:455: --decode_audio
node[27905]: (27905) /var/lib/jenkins/workspace/agora-release-linux-2/ServerSDK-Video/src/rec_engine/RecordingEngineImpl.cpp:455: 0
node[27905]: (27905) /var/lib/jenkins/workspace/agora-release-linux-2/ServerSDK-Video/src/rec_engine/RecordingEngineImpl.cpp:455: --decode_video
node[27905]: (27905) /var/lib/jenkins/workspace/agora-release-linux-2/ServerSDK-Video/src/rec_engine/RecordingEngineImpl.cpp:455: 0
node[27905]: (27905) /var/lib/jenkins/workspace/agora-release-linux-2/ServerSDK-Video/src/rec_engine/RecordingEngineImpl.cpp:455: --capture_interval
node[27905]: (27905) /var/lib/jenkins/workspace/agora-release-linux-2/ServerSDK-Video/src/rec_engine/RecordingEngineImpl.cpp:455: 5
node[27905]: (27905) /var/lib/jenkins/workspace/agora-release-linux-2/ServerSDK-Video/src/rec_engine/RecordingEngineImpl.cpp:455: --syslog_fclt
node[27905]: (27905) /var/lib/jenkins/workspace/agora-release-linux-2/ServerSDK-Video/src/rec_engine/RecordingEngineImpl.cpp:455: 8
node[27905]: (27905) /var/lib/jenkins/workspace/agora-release-linux-2/ServerSDK-Video/src/rec_engine/RecordingEngineImpl.cpp:455: --streamType
node[27905]: (27905) /var/lib/jenkins/workspace/agora-release-linux-2/ServerSDK-Video/src/rec_engine/RecordingEngineImpl.cpp:455: 0
node[27905]: (27905) /var/lib/jenkins/workspace/agora-release-linux-2/ServerSDK-Video/src/rec_engine/RecordingEngineImpl.cpp:455: --serviceMode
node[27905]: (27905) /var/lib/jenkins/workspace/agora-release-linux-2/ServerSDK-Video/src/rec_engine/RecordingEngineImpl.cpp:455: 0
node[27905]: (27905) /var/lib/jenkins/workspace/agora-release-linux-2/ServerSDK-Video/src/rec_engine/RecordingEngineImpl.cpp:455: --recording_file_dir
node[27905]: (27905) /var/lib/jenkins/workspace/agora-release-linux-2/ServerSDK-Video/src/rec_engine/RecordingEngineImpl.cpp:455: /home/oshima/Agora-Restful-Recording-Nodejs_jimmy/server/output/fbeb111b-71fb-45b5-af9e-de749c68e4bc/
node[27905]: (27905) /var/lib/jenkins/workspace/agora-release-linux-2/ServerSDK-Video/src/rec_engine/RecordingEngineImpl.cpp:455: --mix_resolution
node[27905]: (27905) /var/lib/jenkins/workspace/agora-release-linux-2/ServerSDK-Video/src/rec_engine/RecordingEngineImpl.cpp:455: 640,480,15,1000
node[27905]: (27905) /var/lib/jenkins/workspace/agora-release-linux-2/ServerSDK-Video/src/rec_engine/RecordingEngineImpl.cpp:455: --lang
node[27905]: (27905) /var/lib/jenkins/workspace/agora-release-linux-2/ServerSDK-Video/src/rec_engine/RecordingEngineImpl.cpp:455: 0
node[27905]: (27905) /var/lib/jenkins/workspace/agora-release-linux-2/ServerSDK-Video/src/base/pipe_router.cpp:153: The ARS created. Reading pipe: 23, writing pipe: 26, pid: 27929
AgoraCoreService[27929]: (27929) /var/lib/jenkins/workspace/agora-release-linux-2/ServerSDK-Video/src/video_recorder/main.cpp:261: video recording wrapper:8, idle:10 write:24, read:25, live:1,channelid:abc 
AgoraCoreService[27929]: (27929) /var/lib/jenkins/workspace/agora-release-linux-2/ServerSDK-Video/src/video_recorder/main.cpp:282: [ARS version] d1f74a931043da81746e4f5b553fd4859101d38d
AgoraCoreService[27929]: (27929) /var/lib/jenkins/workspace/agora-release-linux-2/ServerSDK-Video/src/video_recorder/main.cpp:284: uid 0 from vendor f5e50500ef5f47fab9f959f6c921e939 is joining channel abc
AgoraCoreService[27929]: (27929) /var/lib/jenkins/workspace/agora-release-linux-2/ServerSDK-Video/src/core_service/event_handler.cpp:646: SDK version: 53a7958; chat engine: 644a4f6
AgoraCoreService[27929]: (27929) /var/lib/jenkins/workspace/agora-release-linux-2/ServerSDK-Video/src/core_service/event_handler.cpp:653: decode_video:0,decode_audio:0
AgoraCoreService[27929]: (27929) /var/lib/jenkins/workspace/agora-release-linux-2/ServerSDK-Video/src/core_service/event_handler.cpp:686: Using random lowUdpPort & highUdpPort
AgoraCoreService[27929]: (27929) /var/lib/jenkins/workspace/agora-release-linux-2/ServerSDK-Video/src/core_service/event_handler.cpp:1852: init stream, trigger mode: 0 service mode: 0
AgoraCoreService[27929]: (27929) /var/lib/jenkins/workspace/agora-release-linux-2/ServerSDK-Video/src/core_service/event_handler.cpp:1390: level 1: INFO    ( 6:57:52:337 |    0)  27929; Agora SDK ver 2.2.2 build 221, built on Sep 27 2018 11:26:06
AgoraCoreService[27929]: (27929) /var/lib/jenkins/workspace/agora-release-linux-2/ServerSDK-Video/src/core_service/event_handler.cpp:1390: level 1: INFO    ( 6:57:52:337 |    0)  27929; Agora SDK git ver:53a7958 and branch:detached
AgoraCoreService[27929]: (27929) /var/lib/jenkins/workspace/agora-release-linux-2/ServerSDK-Video/src/core_service/event_handler.cpp:1390: level 2: WARN    ( 6:57:52:337 |    0)  27929; CacheManager: load cache from storage error, err=2 elapsed 0
AgoraCoreService[27929]: (27929) /var/lib/jenkins/workspace/agora-release-linux-2/ServerSDK-Video/src/core_service/event_handler.cpp:1390: level 4: ERROR   ( 6:57:52:337 |    0)  27929; CacheManager: load report cache from storage error, err=2 elapsed 0
AgoraCoreService[27929]: (27929) /var/lib/jenkins/workspace/agora-release-linux-2/ServerSDK-Video/src/core_service/event_handler.cpp:1390: level 1: INFO    ( 6:57:52:337 |    0)  27929; initialize plugin manager
AgoraCoreService[27929]: (27929) /var/lib/jenkins/workspace/agora-release-linux-2/ServerSDK-Video/src/core_service/event_handler.cpp:1390: level 1: INFO    ( 6:57:52:337 |    0)  27929; built-in encryption is enabled
AgoraCoreService[27929]: (27929) /var/lib/jenkins/workspace/agora-release-linux-2/ServerSDK-Video/src/core_service/event_handler.cpp:1390: level 1: INFO    ( 6:57:52:338 |    1)  27929; use event engine
AgoraCoreService[27929]: (27929) /var/lib/jenkins/workspace/agora-release-linux-2/ServerSDK-Video/src/core_service/event_handler.cpp:1390: level 1: INFO    ( 6:57:52:338 |    0)  27929; SDK version: 53a7958; chat engine: 644a4f6
AgoraCoreService[27929]: (27929) /var/lib/jenkins/workspace/agora-release-linux-2/ServerSDK-Video/src/core_service/event_handler.cpp:1390: level 1: INFO    ( 6:57:52:338 |    0)  27929; Agora Rtc Engine SDK ver 2.2.2 build 221, built on Sep 27 2018 11:26:06
AgoraCoreService[27929]: (27929) /var/lib/jenkins/workspace/agora-release-linux-2/ServerSDK-Video/src/core_service/event_handler.cpp:1390: level 1: INFO    ( 6:57:52:339 |    1)  27929; Using random lowUdpPort & highUdpPort
AgoraCoreService[27929]: (27929) /var/lib/jenkins/workspace/agora-release-linux-2/ServerSDK-Video/src/core_service/event_handler.cpp:1390: level 1: INFO    ( 6:57:52:339 |    0)  27929; API call to setChannelProfile 1
AgoraCoreService[27929]: (27929) /var/lib/jenkins/workspace/agora-release-linux-2/ServerSDK-Video/src/core_service/event_handler.cpp:1390: level 1: INFO    ( 6:57:52:339 |    0)  27929; API call to setClientRole 2
AgoraCoreService[27929]: (27929) /var/lib/jenkins/workspace/agora-release-linux-2/ServerSDK-Video/src/core_service/event_handler.cpp:1390: level 1: INFO    ( 6:57:52:339 |    0)  27929; API call to setVideoProfileEx 640x480 15 fps 1000 kbps
AgoraCoreService[27929]: (27929) /var/lib/jenkins/workspace/agora-release-linux-2/ServerSDK-Video/src/core_service/event_handler.cpp:1390: level 1: INFO    ( 6:57:52:339 |    0)  27929; API call to enable video
AgoraCoreService[27929]: (27929) /var/lib/jenkins/workspace/agora-release-linux-2/ServerSDK-Video/src/core_service/event_handler.cpp:1390: level 1: INFO    ( 6:57:52:339 |    0)  27929; API call to join channel 'abc' uid 0, SDK ver 2.2.2 build 221, device info 'Linux version 3.10.0-957.1.3.el7.x86_64 (mockbuild@kbuilder.bsys.centos.org) (gcc version 4.8.5 20150623 (Red Hat 4.8.5-36) (GCC) ) #1 SMP 
AgoraCoreService[27929]: (27929) /var/lib/jenkins/workspace/agora-release-linux-2/ServerSDK-Video/src/core_service/event_handler.cpp:1390: level 1: INFO    ( 6:57:52:340 |    1)  27943; Thread with name:Trace started 
AgoraCoreService[27929]: (27929) /var/lib/jenkins/workspace/agora-release-linux-2/ServerSDK-Video/src/core_service/event_handler.cpp:1390: level 1: INFO    ( 6:57:52:346 |    6)  27944; Agora Service Worker Thread started: 0x40aa608
AgoraCoreService[27929]: (27929) /var/lib/jenkins/workspace/agora-release-linux-2/ServerSDK-Video/src/core_service/event_handler.cpp:1390: level 1: INFO    ( 6:57:52:346 |    0)  27944; network: 'NETWORK_UNKOWN' -> 'LAN' ipv4/v6 '10.146.0.2'/'' gw ''/'' subtype 0 level 114370304 ssid '' bssid '' rssi 32669 asu 68149184
AgoraCoreService[27929]: (27929) /var/lib/jenkins/workspace/agora-release-linux-2/ServerSDK-Video/src/core_service/event_handler.cpp:1390: level 1: INFO    ( 6:57:52:347 |    1)  27944; [MIO] mediaIO controller created
AgoraCoreService[27929]: (27929) /var/lib/jenkins/workspace/agora-release-linux-2/ServerSDK-Video/src/core_service/event_handler.cpp:1390: level 1: INFO    ( 6:57:52:347 |    0)  27944; found 'NULL' device: 'Linux version 3.10.0-957.1.3.el7.x86_64 (mockbuild@kbuilder.bsys.centos.org) (gcc version 4.8.5 20150623 (Red Hat 4.8.5-36) (GCC) ) #1 SMP Thu Nov 29 14:49:43 UTC 2018
'
AgoraCoreService[27929]: (27929) /var/lib/jenkins/workspace/agora-release-linux-2/ServerSDK-Video/src/core_service/event_handler.cpp:1390: level 1: INFO    ( 6:57:52:347 |    0)  27944; [rp] {"rtc.channel_profile":1}
AgoraCoreService[27929]: (27929) /var/lib/jenkins/workspace/agora-release-linux-2/ServerSDK-Video/src/core_service/event_handler.cpp:1390: level 1: INFO    ( 6:57:52:347 |    0)  27944; [rp] {"rtc.client_role":2}
AgoraCoreService[27929]: (27929) /var/lib/jenkins/workspace/agora-release-linux-2/ServerSDK-Video/src/core_service/event_handler.cpp:1390: level 1: INFO    ( 6:57:52:347 |    0)  27944; [rp] {"che.audio.external_device":true}
AgoraCoreService[27929]: (27929) /var/lib/jenkins/workspace/agora-release-linux-2/ServerSDK-Video/src/core_service/event_handler.cpp:1390: level 1: INFO    ( 6:57:52:347 |    0)  27944; [rp] {"che.audio.audioSampleRate":48000}
AgoraCoreService[27929]: (27929) /var/lib/jenkins/workspace/agora-release-linux-2/ServerSDK-Video/src/core_service/event_handler.cpp:1390: level 1: INFO    ( 6:57:52:347 |    0)  27944; [rp] {"che.video.keep_prerotation":false}
AgoraCoreService[27929]: (27929) /var/lib/jenkins/workspace/agora-release-linux-2/ServerSDK-Video/src/core_service/event_handler.cpp:1390: level 1: INFO    ( 6:57:52:347 |    0)  27944; [rp] {"rtc.client_type":3}
AgoraCoreService[27929]: (27929) /var/lib/jenkins/workspace/agora-release-linux-2/ServerSDK-Video/src/core_service/event_handler.cpp:1390: level 1: INFO    ( 6:57:52:347 |    0)  27944; [rp] {"che.audio.audienceMode":true}
AgoraCoreService[27929]: (27929) /var/lib/jenkins/workspace/agora-release-linux-2/ServerSDK-Video/src/core_service/event_handler.cpp:1390: level 1: INFO    ( 6:57:52:347 |    0)  27944; [rp] {"che.video.audienceMode":true}
AgoraCoreService[27929]: (27929) /var/lib/jenkins/workspace/agora-release-linux-2/ServerSDK-Video/src/core_service/event_handler.cpp:1390: level 1: INFO    ( 6:57:52:347 |    0)  27944; [rp] {"che.video.recording":true}
AgoraCoreService[27929]: (27929) /var/lib/jenkins/workspace/agora-release-linux-2/ServerSDK-Video/src/core_service/event_handler.cpp:1390: level 1: INFO    ( 6:57:52:347 |    0)  27944; [rp] {"che.audio.set_capture_raw_audio_format":{"sampleRate":48000,"channelCnt":1,"mode":1,"samplesPerCall":480}}
AgoraCoreService[27929]: (27929) /var/lib/jenkins/workspace/agora-release-linux-2/ServerSDK-Video/src/core_service/event_handler.cpp:1390: level 1: INFO    ( 6:57:52:347 |    0)  27944; [rp] {"che.audio.set_render_raw_audio_format":{"sampleRate":48000,"channelCnt":1,"mode":0,"samplesPerCall":480}}
AgoraCoreService[27929]: (27929) /var/lib/jenkins/workspace/agora-release-linux-2/ServerSDK-Video/src/core_service/event_handler.cpp:1390: level 1: INFO    ( 6:57:52:347 |    0)  27944; [rp] {"rtc.log_file":"/home/oshima/Agora-Restful-Recording-Nodejs_jimmy/server/output/fbeb111b-71fb-45b5-af9e-de749c68e4bc/recording_0.log"}
AgoraCoreService[27929]: (27929) /var/lib/jenkins/workspace/agora-release-linux-2/ServerSDK-Video/src/core_service/event_handler.cpp:1390: level 1: INFO    ( 6:57:52:347 |    0)  27944; [rp] {"rtc.video.mute_me":true,"che.video.local.send":false}
AgoraCoreService[27929]: (27929) /var/lib/jenkins/workspace/agora-release-linux-2/ServerSDK-Video/src/core_service/event_handler.cpp:1390: level 1: INFO    ( 6:57:52:347 |    0)  27944; [rp] {"rtc.audio.mute_me":true,"che.audio.mute_me":true}
AgoraCoreService[27929]: (27929) /var/lib/jenkins/workspace/agora-release-linux-2/ServerSDK-Video/src/core_service/event_handler.cpp:1390: level 1: INFO    ( 6:57:52:347 |    0)  27944; [rp] {"rtc.video.set_remote_default_video_stream_type":0}
AgoraCoreService[27929]: (27929) /var/lib/jenkins/workspace/agora-release-linux-2/ServerSDK-Video/src/core_service/event_handler.cpp:1390: level 1: INFO    ( 6:57:52:347 |    0)  27944; API call to SetRemoteDefaultVideoStreamType: 0
AgoraCoreService[27929]: (27929) /var/lib/jenkins/workspace/agora-release-linux-2/ServerSDK-Video/src/core_service/event_handler.cpp:1390: level 1: INFO    ( 6:57:52:347 |    0)  27944; [rp] {"che.video.local.camera_index":1024}
AgoraCoreService[27929]: (27929) /var/lib/jenkins/workspace/agora-release-linux-2/ServerSDK-Video/src/core_service/event_handler.cpp:1390: level 1: INFO    ( 6:57:52:347 |    0)  27944; [rp] {"rtc.video.enabled":true}
AgoraCoreService[27929]: (27929) /var/lib/jenkins/workspace/agora-release-linux-2/ServerSDK-Video/src/core_service/event_handler.cpp:1390: level 1: INFO    ( 6:57:52:347 |    0)  27944; API call to enable video
AgoraCoreService[27929]: (27929) /var/lib/jenkins/workspace/agora-release-linux-2/ServerSDK-Video/src/core_service/event_handler.cpp:1390: level 1: INFO    ( 6:57:52:347 |    0)  27944; [rp] {"che.video.recording":false}
AgoraCoreService[27929]: (27929) /var/lib/jenkins/workspace/agora-release-linux-2/ServerSDK-Video/src/core_service/event_handler.cpp:1390: level 1: INFO    ( 6:57:52:347 |    0)  27944; [rs] updateServers 199.190.44.36:8000, priority 1
AgoraCoreService[27929]: (27929) /var/lib/jenkins/workspace/agora-release-linux-2/ServerSDK-Video/src/core_service/event_handler.cpp:1390: level 1: INFO    ( 6:57:52:347 |    0)  27944; [rs] updateServers 199.190.44.37:8000, priority 1
AgoraCoreService[27929]: (27929) /var/lib/jenkins/workspace/agora-release-linux-2/ServerSDK-Video/src/core_service/event_handler.cpp:1390: level 1: INFO    ( 6:57:52:348 |    1)  27944; [rlbs] selected: 221.228.78.123:9700
AgoraCoreService[27929]: (27929) /var/lib/jenkins/workspace/agora-release-linux-2/ServerSDK-Video/src/core_service/event_handler.cpp:1390: level 1: INFO    ( 6:57:52:348 |    0)  27944; [rlbs] request rs list from 221.228.78.123:9700.......
AgoraCoreService[27929]: (27929) /var/lib/jenkins/workspace/agora-release-linux-2/ServerSDK-Video/src/core_service/event_handler.cpp:1390: level 1: INFO    ( 6:57:52:348 |    0)  27944; ***CALL BEGIN: appid:'f5****************************39' cname:'abc' info:'' sid:'52F46A8B370E42E78964B06C11FC3684'
AgoraCoreService[27929]: (27929) /var/lib/jenkins/workspace/agora-release-linux-2/ServerSDK-Video/src/core_service/event_handler.cpp:1390: level 1: INFO    ( 6:57:52:348 |    0)  27944; addRef of media engine, ref=1
AgoraCoreService[27929]: (27929) /var/lib/jenkins/workspace/agora-release-linux-2/ServerSDK-Video/src/core_service/event_handler.cpp:1390: level 1: INFO    ( 6:57:52:348 |    0)  27944; [che] create chat engine, ctx:(nil)
AgoraCoreService[27929]: (27929) /var/lib/jenkins/workspace/agora-release-linux-2/ServerSDK-Video/src/core_service/event_handler.cpp:1390: level 1: INFO    ( 6:57:52:348 |    0)  27944; [MYDEBUG] large group call false
AgoraCoreService[27929]: (27929) /var/lib/jenkins/workspace/agora-release-linux-2/ServerSDK-Video/src/core_service/event_handler.cpp:1390: level 1: INFO    ( 6:57:52:348 |    0)  27944; ChatEngineParameterHelper::applyMediaEngineMode: 
AgoraCoreService[27929]: (27929) /var/lib/jenkins/workspace/agora-release-linux-2/ServerSDK-Video/src/core_service/event_handler.cpp:1390: level 1: INFO    ( 6:57:52:348 |    0)  27944; applyMediaEngineMode(): Hardware encoding false Hardware decoding false
AgoraCoreService[27929]: (27929) /var/lib/jenkins/workspace/agora-release-linux-2/ServerSDK-Video/src/core_service/event_handler.cpp:1390: level 1: INFO    ( 6:57:52:348 |    0)  27944; engine git commit version:644a4f6 and branch:(detached
AgoraCoreService[27929]: (27929) /var/lib/jenkins/workspace/agora-release-linux-2/ServerSDK-Video/src/core_service/event_handler.cpp:1390: level 2: WARN    ( 6:57:52:348 |    0)  27944; SetSampleRateAndChannels: fs_hz=16000, channels=1
AgoraCoreService[27929]: (27929) /var/lib/jenkins/workspace/agora-release-linux-2/ServerSDK-Video/src/core_service/event_handler.cpp:1390: level 2: WARN    ( 6:57:52:348 |    0)  27944; FlushBuffers: 
AgoraCoreService[27929]: (27929) /var/lib/jenkins/workspace/agora-release-linux-2/ServerSDK-Video/src/core_service/event_handler.cpp:1390: level 2: WARN    ( 6:57:52:348 |    0)  27944; RegisterPayloadType: static_cast<int>(rtp_payload_type)=13, codec=25
AgoraCoreService[27929]: (27929) /var/lib/jenkins/workspace/agora-release-linux-2/ServerSDK-Video/src/core_service/event_handler.cpp:1390: level 2: WARN    ( 6:57:52:348 |    0)  27944; RegisterPayloadType: static_cast<int>(rtp_payload_type)=98, codec=26
AgoraCoreService[27929]: (27929) /var/lib/jenkins/workspace/agora-release-linux-2/ServerSDK-Video/src/core_service/event_handler.cpp:1390: level 2: WARN    ( 6:57:52:348 |    0)  27944; RegisterPayloadType: static_cast<int>(rtp_payload_type)=99, codec=27
AgoraCoreService[27929]: (27929) /var/lib/jenkins/workspace/agora-release-linux-2/ServerSDK-Video/src/core_service/event_handler.cpp:1390: level 2: WARN    ( 6:57:52:348 |    0)  27944; RegisterPayloadType: static_cast<int>(rtp_payload_type)=100, codec=28
AgoraCoreService[27929]: (27929) /var/lib/jenkins/workspace/agora-release-linux-2/ServerSDK-Video/src/core_service/event_handler.cpp:1390: level 2: WARN    ( 6:57:52:348 |    0)  27944; RegisterPayloadType: static_cast<int>(rtp_payload_type)=127, codec=19
AgoraCoreService[27929]: (27929) /var/lib/jenkins/workspace/agora-release-linux-2/ServerSDK-Video/src/core_service/event_handler.cpp:1390: level 1: INFO    ( 6:57:52:362 |   14)  27946; Thread with name:external_audio_module_thread started 
AgoraCoreService[27929]: (27929) /var/lib/jenkins/workspace/agora-release-linux-2/ServerSDK-Video/src/core_service/event_handler.cpp:1390: level 1: INFO    ( 6:57:52:363 |    1)  27947; Thread with name:WebRtc_event_timer_thread started 
AgoraCoreService[27929]: (27929) /var/lib/jenkins/workspace/agora-release-linux-2/ServerSDK-Video/src/core_service/event_handler.cpp:1390: level 1: INFO    ( 6:57:52:363 |    0)  27944; StereoPlayoutIsAvailable(), output: available=0
AgoraCoreService[27929]: (27929) /var/lib/jenkins/workspace/agora-release-linux-2/ServerSDK-Video/src/core_service/event_handler.cpp:1390: level 1: INFO    ( 6:57:52:363 |    0)  27944; StereoRecordingIsAvailable(), output: available=0
AgoraCoreService[27929]: (27929) /var/lib/jenkins/workspace/agora-release-linux-2/ServerSDK-Video/src/core_service/event_handler.cpp:1390: level 2: WARN    ( 6:57:52:363 |    0)  27944; RemovePayloadType: static_cast<int>(rtp_payload_type)=13
AgoraCoreService[27929]: (27929) /var/lib/jenkins/workspace/agora-release-linux-2/ServerSDK-Video/src/core_service/event_handler.cpp:1390: level 2: WARN    ( 6:57:52:363 |    0)  27944; RemovePayloadType: static_cast<int>(rtp_payload_type)=98
AgoraCoreService[27929]: (27929) /var/lib/jenkins/workspace/agora-release-linux-2/ServerSDK-Video/src/core_service/event_handler.cpp:1390: level 2: WARN    ( 6:57:52:363 |    0)  27944; RemovePayloadType: static_cast<int>(rtp_payload_type)=99
AgoraCoreService[27929]: (27929) /var/lib/jenkins/workspace/agora-release-linux-2/ServerSDK-Video/src/core_service/event_handler.cpp:1390: level 2: WARN    ( 6:57:52:363 |    0)  27944; RemovePayloadType: static_cast<int>(rtp_payload_type)=100
AgoraCoreService[27929]: (27929) /var/lib/jenkins/workspace/agora-release-linux-2/ServerSDK-Video/src/core_service/event_handler.cpp:1390: level 2: WARN    ( 6:57:52:363 |    0)  27944; RemovePayloadType: static_cast<int>(rtp_payload_type)=127
AgoraCoreService[27929]: (27929) /var/lib/jenkins/workspace/agora-release-linux-2/ServerSDK-Video/src/core_service/event_handler.cpp:1390: level 2: WARN    ( 6:57:52:363 |    0)  27944; FlushBuffers: 
AgoraCoreService[27929]: (27929) /var/lib/jenkins/workspace/agora-release-linux-2/ServerSDK-Video/src/core_service/event_handler.cpp:1390: level 2: WARN    ( 6:57:52:363 |    0)  27944; RegisterPayloadType: static_cast<int>(rtp_payload_type)=13, codec=25
AgoraCoreService[27929]: (27929) /var/lib/jenkins/workspace/agora-release-linux-2/ServerSDK-Video/src/core_service/event_handler.cpp:1390: level 2: WARN    ( 6:57:52:363 |    0)  27944; RegisterPayloadType: static_cast<int>(rtp_payload_type)=98, codec=26
AgoraCoreService[27929]: (27929) /var/lib/jenkins/workspace/agora-release-linux-2/ServerSDK-Video/src/core_service/event_handler.cpp:1390: level 2: WARN    ( 6:57:52:363 |    0)  27944; RegisterPayloadType: static_cast<int>(rtp_payload_type)=99, codec=27
AgoraCoreService[27929]: (27929) /var/lib/jenkins/workspace/agora-release-linux-2/ServerSDK-Video/src/core_service/event_handler.cpp:1390: level 2: WARN    ( 6:57:52:363 |    0)  27944; RegisterPayloadType: static_cast<int>(rtp_payload_type)=100, codec=28
AgoraCoreService[27929]: (27929) /var/lib/jenkins/workspace/agora-release-linux-2/ServerSDK-Video/src/core_service/event_handler.cpp:1390: level 2: WARN    ( 6:57:52:363 |    0)  27944; RegisterPayloadType: static_cast<int>(rtp_payload_type)=127, codec=19
AgoraCoreService[27929]: (27929) /var/lib/jenkins/workspace/agora-release-linux-2/ServerSDK-Video/src/core_service/event_handler.cpp:1390: level 1: INFO    ( 6:57:52:368 |    5)  27948; Thread with name:EngineMonitorThread started 
AgoraCoreService[27929]: (27929) /var/lib/jenkins/workspace/agora-release-linux-2/ServerSDK-Video/src/core_service/event_handler.cpp:1390: level 1: INFO    ( 6:57:52:368 |    0)  27944; setMuteStatus, muted: On
AgoraCoreService[27929]: (27929) /var/lib/jenkins/workspace/agora-release-linux-2/ServerSDK-Video/src/core_service/event_handler.cpp:1390: level 1: INFO    ( 6:57:52:369 |    1)  27944; setMuteOutput, muted: false
AgoraCoreService[27929]: (27929) /var/lib/jenkins/workspace/agora-release-linux-2/ServerSDK-Video/src/core_service/event_handler.cpp:1390: level 1: INFO    ( 6:57:52:369 |    0)  27944; Audio Engine Init success
AgoraCoreService[27929]: (27929) /var/lib/jenkins/workspace/agora-release-linux-2/ServerSDK-Video/src/core_service/event_handler.cpp:1390: level 1: INFO    ( 6:57:52:369 |    0)  27944; Available number of cores:1
AgoraCoreService[27929]: (27929) /var/lib/jenkins/workspace/agora-release-linux-2/ServerSDK-Video/src/core_service/event_handler.cpp:1390: level 1: INFO    ( 6:57:52:369 |    0)  27944; CreateVideoSendTrack
AgoraCoreService[27929]: (27929) /var/lib/jenkins/workspace/agora-release-linux-2/ServerSDK-Video/src/core_service/event_handler.cpp:1390: level 1: INFO    ( 6:57:52:369 |    0)  27944; init: feature prerotation disabled
AgoraCoreService[27929]: (27929) /var/lib/jenkins/workspace/agora-release-linux-2/ServerSDK-Video/src/core_service/event_handler.cpp:1390: level 1: INFO    ( 6:57:52:369 |    0)  27944; Agora Engine video codec set to standard mode role mode 3
AgoraCoreService[27929]: (27929) /var/lib/jenkins/workspace/agora-release-linux-2/ServerSDK-Video/src/core_service/event_handler.cpp:1390: level 1: INFO    ( 6:57:52:369 |    0)  27944; Agora Engine video codec index 1
AgoraCoreService[27929]: (27929) /var/lib/jenkins/workspace/agora-release-linux-2/ServerSDK-Video/src/core_service/event_handler.cpp:1390: level 1: INFO    ( 6:57:52:369 |    0)  27944; Agora Engine video stream type = 0
AgoraCoreService[27929]: (27929) /var/lib/jenkins/workspace/agora-release-linux-2/ServerSDK-Video/src/core_service/event_handler.cpp:1390: level 1: INFO    ( 6:57:52:373 |    4)  27949; Thread with name:VideoEncodeThread started 
AgoraCoreService[27929]: (27929) /var/lib/jenkins/workspace/agora-release-linux-2/ServerSDK-Video/src/core_service/event_handler.cpp:1390: level 1: INFO    ( 6:57:52:373 |    0)  27944; Device type: 0
AgoraCoreService[27929]: (27929) /var/lib/jenkins/workspace/agora-release-linux-2/ServerSDK-Video/src/core_service/event_handler.cpp:1390: level 1: INFO    ( 6:57:52:373 |    0)  27944; Device type: 0
AgoraCoreService[27929]: (27929) /var/lib/jenkins/workspace/agora-release-linux-2/ServerSDK-Video/src/core_service/event_handler.cpp:1390: level 1: INFO    ( 6:57:52:373 |    0)  27944; EncoderWrapper::Create hardware_ = 0, hardware_low_ = 0
AgoraCoreService[27929]: (27929) /var/lib/jenkins/workspace/agora-release-linux-2/ServerSDK-Video/src/core_service/event_handler.cpp:1390: level 1: INFO    ( 6:57:52:375 |    2)  27950; Thread with name:VideoProcessThread started 
AgoraCoreService[27929]: (27929) /var/lib/jenkins/workspace/agora-release-linux-2/ServerSDK-Video/src/core_service/event_handler.cpp:1390: level 1: INFO    ( 6:57:52:375 |    0)  27944; setCodec: index=1 width=640 height=360 framerate=15
AgoraCoreService[27929]: (27929) /var/lib/jenkins/workspace/agora-release-linux-2/ServerSDK-Video/src/core_service/event_handler.cpp:1390: level 1: INFO    ( 6:57:52:375 |    0)  27944; h264WebInteropEnable: enable 0
AgoraCoreService[27929]: (27929) /var/lib/jenkins/workspace/agora-release-linux-2/ServerSDK-Video/src/core_service/event_handler.cpp:1390: level 1: INFO    ( 6:57:52:375 |    0)  27944; setCaptureDevice: index=1024
AgoraCoreService[27929]: (27929) /var/lib/jenkins/workspace/agora-release-linux-2/ServerSDK-Video/src/core_service/event_handler.cpp:1390: level 1: INFO    ( 6:57:52:375 |    0)  27944; setMaxVideoBitrate: max bitrate=0
AgoraCoreService[27929]: (27929) /var/lib/jenkins/workspace/agora-release-linux-2/ServerSDK-Video/src/core_service/event_handler.cpp:1390: level 1: INFO    ( 6:57:52:375 |    0)  27944; more fec enable 0 curr fec method 0
AgoraCoreService[27929]: (27929) /var/lib/jenkins/workspace/agora-release-linux-2/ServerSDK-Video/src/core_service/event_handler.cpp:1390: level 1: INFO    ( 6:57:52:375 |    0)  27944; video fec method 0
AgoraCoreService[27929]: (27929) /var/lib/jenkins/workspace/agora-release-linux-2/ServerSDK-Video/src/core_service/event_handler.cpp:1390: level 4: ERROR   ( 6:57:52:375 |    0)  27944; videoEngine created and initialize here
AgoraCoreService[27929]: (27929) /var/lib/jenkins/workspace/agora-release-linux-2/ServerSDK-Video/src/core_service/event_handler.cpp:1390: level 1: INFO    ( 6:57:52:375 |    0)  27944; CreateVideoSendTrack
AgoraCoreService[27929]: (27929) /var/lib/jenkins/workspace/agora-release-linux-2/ServerSDK-Video/src/core_service/event_handler.cpp:1390: level 1: INFO    ( 6:57:52:375 |    0)  27944; [MIO] updateCapturer: ((nil)), type:(1)
AgoraCoreService[27929]: (27929) /var/lib/jenkins/workspace/agora-release-linux-2/ServerSDK-Video/src/core_service/event_handler.cpp:1390: level 1: INFO    ( 6:57:52:375 |    0)  27944; CreateAgoraDefaultCapture: type=0
AgoraCoreService[27929]: (27929) /var/lib/jenkins/workspace/agora-release-linux-2/ServerSDK-Video/src/core_service/event_handler.cpp:1390: level 1: INFO    ( 6:57:52:375 |    0)  27944; VideoSendTrackImpl::UpdateCapturer capturer=0x7f9cf814a8e0
AgoraCoreService[27929]: (27929) /var/lib/jenkins/workspace/agora-release-linux-2/ServerSDK-Video/src/core_service/event_handler.cpp:1390: level 1: INFO    ( 6:57:52:375 |    0)  27944; CreateVideoCapturer: interface=0x7f9cf814a8e0
AgoraCoreService[27929]: (27929) /var/lib/jenkins/workspace/agora-release-linux-2/ServerSDK-Video/src/core_service/event_handler.cpp:1390: level 1: INFO    ( 6:57:52:375 |    0)  27944; [MIO] updateLocalRender: ((nil)), type:(1)
AgoraCoreService[27929]: (27929) /var/lib/jenkins/workspace/agora-release-linux-2/ServerSDK-Video/src/core_service/event_handler.cpp:1390: level 1: INFO    ( 6:57:52:375 |    0)  27944; VideoSendTrackImpl::UpdateRenderer, renderer=0x205e670
AgoraCoreService[27929]: (27929) /var/lib/jenkins/workspace/agora-release-linux-2/ServerSDK-Video/src/core_service/event_handler.cpp:1390: level 1: INFO    ( 6:57:52:375 |    0)  27944; CreateVideoRenderer: interface=0x205e670
AgoraCoreService[27929]: (27929) /var/lib/jenkins/workspace/agora-release-linux-2/ServerSDK-Video/src/core_service/event_handler.cpp:1390: level 1: INFO    ( 6:57:52:375 |    0)  27944; [MIO] video send track prepared !!
AgoraCoreService[27929]: (27929) /var/lib/jenkins/workspace/agora-release-linux-2/ServerSDK-Video/src/core_service/event_handler.cpp:1390: level 1: INFO    ( 6:57:52:375 |    0)  27944; [che] applyVideoProfile: 640x480 15 fps 1000 kbps
AgoraCoreService[27929]: (27929) /var/lib/jenkins/workspace/agora-release-linux-2/ServerSDK-Video/src/core_service/event_handler.cpp:1390: level 1: INFO    ( 6:57:52:375 |    0)  27944; validateVideoParameters: validate video parameters resolution 640x480, fps 15, rate 1000000
AgoraCoreService[27929]: (27929) /var/lib/jenkins/workspace/agora-release-linux-2/ServerSDK-Video/src/core_service/event_handler.cpp:1390: level 1: INFO    ( 6:57:52:375 |    0)  27944; setMaxVideoBitrate: max bitrate=1000000
AgoraCoreService[27929]: (27929) /var/lib/jenkins/workspace/agora-release-linux-2/ServerSDK-Video/src/core_service/event_handler.cpp:1390: level 1: INFO    ( 6:57:52:375 |    0)  27944; setCodecRates: set frame rate to 15
AgoraCoreService[27929]: (27929) /var/lib/jenkins/workspace/agora-release-linux-2/ServerSDK-Video/src/core_service/event_handler.cpp:1390: level 1: INFO    ( 6:57:52:375 |    0)  27944; setCodec: index=1 width=640 height=360 framerate=15
AgoraCoreService[27929]: (27929) /var/lib/jenkins/workspace/agora-release-linux-2/ServerSDK-Video/src/core_service/event_handler.cpp:1390: level 1: INFO    ( 6:57:52:375 |    0)  27944; setCodecResolution: set to 640 x 480
AgoraCoreService[27929]: (27929) /var/lib/jenkins/workspace/agora-release-linux-2/ServerSDK-Video/src/core_service/event_handler.cpp:1390: level 1: INFO    ( 6:57:52:375 |    0)  27944; setCodec: index=1 width=640 height=480 framerate=15
AgoraCoreService[27929]: (27929) /var/lib/jenkins/workspace/agora-release-linux-2/ServerSDK-Video/src/core_service/event_handler.cpp:1390: level 1: INFO    ( 6:57:52:383 |    8)  27949; Thread with name:VideoEncodeThread stopped
AgoraCoreService[27929]: (27929) /var/lib/jenkins/workspace/agora-release-linux-2/ServerSDK-Video/src/core_service/event_handler.cpp:1390: level 1: INFO    ( 6:57:52:385 |    2)  27951; Thread with name:VideoEncodeThread started 
AgoraCoreService[27929]: (27929) /var/lib/jenkins/workspace/agora-release-linux-2/ServerSDK-Video/src/core_service/event_handler.cpp:1390: level 1: INFO    ( 6:57:52:385 |    0)  27944; Device type: 0
AgoraCoreService[27929]: (27929) /var/lib/jenkins/workspace/agora-release-linux-2/ServerSDK-Video/src/core_service/event_handler.cpp:1390: level 1: INFO    ( 6:57:52:385 |    0)  27944; Device type: 0
AgoraCoreService[27929]: (27929) /var/lib/jenkins/workspace/agora-release-linux-2/ServerSDK-Video/src/core_service/event_handler.cpp:1390: level 1: INFO    ( 6:57:52:385 |    0)  27944; EncoderWrapper::Create hardware_ = 0, hardware_low_ = 0
AgoraCoreService[27929]: (27929) /var/lib/jenkins/workspace/agora-release-linux-2/ServerSDK-Video/src/core_service/event_handler.cpp:1390: level 1: INFO    ( 6:57:52:385 |    0)  27944; [che] chat engine initialized
AgoraCoreService[27929]: (27929) /var/lib/jenkins/workspace/agora-release-linux-2/ServerSDK-Video/src/core_service/event_handler.cpp:1390: level 1: INFO    ( 6:57:52:386 |    1)  27944; [vocs] vocs initialized
AgoraCoreService[27929]: (27929) /var/lib/jenkins/workspace/agora-release-linux-2/ServerSDK-Video/src/core_service/event_handler.cpp:1390: level 2: WARN    ( 6:57:52:386 |    0)  27944; create socket error: Operation not permitted
AgoraCoreService[27929]: (27929) /var/lib/jenkins/workspace/agora-release-linux-2/ServerSDK-Video/src/core_service/event_handler.cpp:1390: level 1: INFO    ( 6:57:52:386 |    0)  27944; CacheManager: save cache to storage elapsed 0
AgoraCoreService[27929]: (27929) /var/lib/jenkins/workspace/agora-release-linux-2/ServerSDK-Video/src/core_service/event_handler.cpp:1390: level 1: INFO    ( 6:57:52:386 |    0)  27944; [cm] emit join channel signal, size=2
AgoraCoreService[27929]: (27929) /var/lib/jenkins/workspace/agora-release-linux-2/ServerSDK-Video/src/core_service/event_handler.cpp:1390: level 1: INFO    ( 6:57:52:386 |    0)  27944; CacheManager: save cache to storage elapsed 0
AgoraCoreService[27929]: (27929) /var/lib/jenkins/workspace/agora-release-linux-2/ServerSDK-Video/src/core_service/event_handler.cpp:1390: level 1: INFO    ( 6:57:52:386 |    0)  27944; [vocs] lookup channel...
AgoraCoreService[27929]: (27929) /var/lib/jenkins/workspace/agora-release-linux-2/ServerSDK-Video/src/core_service/event_handler.cpp:1390: level 1: INFO    ( 6:57:52:386 |    0)  27944; [vocs] selected: 221.228.202.134:8000
AgoraCoreService[27929]: (27929) /var/lib/jenkins/workspace/agora-release-linux-2/ServerSDK-Video/src/core_service/event_handler.cpp:1390: level 1: INFO    ( 6:57:52:387 |    1)  27944; connecting to 221.228.202.134:8000 handle f81bf260, 20
AgoraCoreService[27929]: (27929) /var/lib/jenkins/workspace/agora-release-linux-2/ServerSDK-Video/src/core_service/event_handler.cpp:1390: level 1: INFO    ( 6:57:52:387 |    0)  27944; [vocs] creating channel with 221.228.202.134:8000, ts 1547449072387.......
AgoraCoreService[27929]: (27929) /var/lib/jenkins/workspace/agora-release-linux-2/ServerSDK-Video/src/core_service/event_handler.cpp:1390: level 1: INFO    ( 6:57:52:387 |    0)  27944; [vocs] selected: 69.28.51.138:8000
AgoraCoreService[27929]: (27929) /var/lib/jenkins/workspace/agora-release-linux-2/ServerSDK-Video/src/core_service/event_handler.cpp:1390: level 1: INFO    ( 6:57:52:387 |    0)  27944; [vocs] creating channel with 69.28.51.138:8000, ts 1547449072387.......
AgoraCoreService[27929]: (27929) /var/lib/jenkins/workspace/agora-release-linux-2/ServerSDK-Video/src/core_service/event_handler.cpp:1390: level 1: INFO    ( 6:57:52:387 |    0)  27944; [vocs] selected: 123.155.153.69:8000
AgoraCoreService[27929]: (27929) /var/lib/jenkins/workspace/agora-release-linux-2/ServerSDK-Video/src/core_service/event_handler.cpp:1390: level 1: INFO    ( 6:57:52:387 |    0)  27944; [vocs] creating channel with 123.155.153.69:8000, ts 1547449072387.......
AgoraCoreService[27929]: (27929) /var/lib/jenkins/workspace/agora-release-linux-2/ServerSDK-Video/src/core_service/event_handler.cpp:1390: level 1: INFO    ( 6:57:52:387 |    0)  27944; [ap] selected: 42.202.132.197:8000
AgoraCoreService[27929]: (27929) /var/lib/jenkins/workspace/agora-release-linux-2/ServerSDK-Video/src/core_service/event_handler.cpp:1390: level 1: INFO    ( 6:57:52:387 |    0)  27944; [ap] creating channel with 42.202.132.197:8000, ts 1547449072387, flag: 2
AgoraCoreService[27929]: (27929) /var/lib/jenkins/workspace/agora-release-linux-2/ServerSDK-Video/src/core_service/event_handler.cpp:1390: level 1: INFO    ( 6:57:52:387 |    0)  27944; [ap] selected: 223.111.250.6:8000
AgoraCoreService[27929]: (27929) /var/lib/jenkins/workspace/agora-release-linux-2/ServerSDK-Video/src/core_service/event_handler.cpp:1390: level 1: INFO    ( 6:57:52:387 |    0)  27944; [ap] creating channel with 223.111.250.6:8000, ts 1547449072387, flag: 2
AgoraCoreService[27929]: (27929) /var/lib/jenkins/workspace/agora-release-linux-2/ServerSDK-Video/src/core_service/event_handler.cpp:1390: level 1: INFO    ( 6:57:52:387 |    0)  27944; [ap] selected: 199.190.44.136:8000
AgoraCoreService[27929]: (27929) /var/lib/jenkins/workspace/agora-release-linux-2/ServerSDK-Video/src/core_service/event_handler.cpp:1390: level 1: INFO    ( 6:57:52:387 |    0)  27944; [ap] creating channel with 199.190.44.136:8000, ts 1547449072387, flag: 2
AgoraCoreService[27929]: (27929) /var/lib/jenkins/workspace/agora-release-linux-2/ServerSDK-Video/src/core_service/event_handler.cpp:1390: level 1: INFO    ( 6:57:52:387 |    0)  27944; [rp] {"che.audio.audioSampleRate":48000}
AgoraCoreService[27929]: (27929) /var/lib/jenkins/workspace/agora-release-linux-2/ServerSDK-Video/src/core_service/event_handler.cpp:1390: level 1: INFO    ( 6:57:52:387 |    0)  27944; [dns] parsed ip 128.1.33.166
AgoraCoreService[27929]: (27929) /var/lib/jenkins/workspace/agora-release-linux-2/ServerSDK-Video/src/core_service/event_handler.cpp:1390: level 1: INFO    ( 6:57:52:387 |    0)  27944; [dns] parsed ip 199.190.44.37
AgoraCoreService[27929]: (27929) /var/lib/jenkins/workspace/agora-release-linux-2/ServerSDK-Video/src/core_service/event_handler.cpp:1390: level 1: INFO    ( 6:57:52:387 |    0)  27944; [rs] dns parse result code: 0, servers size: 2
AgoraCoreService[27929]: (27929) /var/lib/jenkins/workspace/agora-release-linux-2/ServerSDK-Video/src/core_service/event_handler.cpp:1390: level 1: INFO    ( 6:57:52:387 |    0)  27944; [rs] updateServers 128.1.33.166:8000, priority 2
AgoraCoreService[27929]: (27929) /var/lib/jenkins/workspace/agora-release-linux-2/ServerSDK-Video/src/core_service/event_handler.cpp:1390: level 1: INFO    ( 6:57:52:387 |    0)  27944; [rs] updateServers 199.190.44.37:8000, priority from 1 to 2
AgoraCoreService[27929]: (27929) /var/lib/jenkins/workspace/agora-release-linux-2/ServerSDK-Video/src/core_service/event_handler.cpp:1390: level 1: INFO    ( 6:57:52:387 |    0)  27944; [dns] parsed ip 128.1.87.155
AgoraCoreService[27929]: (27929) /var/lib/jenkins/workspace/agora-release-linux-2/ServerSDK-Video/src/core_service/event_handler.cpp:1390: level 1: INFO    ( 6:57:52:387 |    0)  27944; [dns] parsed ip 199.190.44.35
AgoraCoreService[27929]: (27929) /var/lib/jenkins/workspace/agora-release-linux-2/ServerSDK-Video/src/core_service/event_handler.cpp:1390: level 1: INFO    ( 6:57:52:387 |    0)  27944; [dns] parsed ip 203.60.2.40
AgoraCoreService[27929]: (27929) /var/lib/jenkins/workspace/agora-release-linux-2/ServerSDK-Video/src/core_service/event_handler.cpp:1390: level 1: INFO    ( 6:57:52:387 |    0)  27944; [dns] parsed ip 3.0.163.78
AgoraCoreService[27929]: (27929) /var/lib/jenkins/workspace/agora-release-linux-2/ServerSDK-Video/src/core_service/event_handler.cpp:1390: level 1: INFO    ( 6:57:52:387 |    0)  27944; [dns] parsed ip 47.74.211.17
AgoraCoreService[27929]: (27929) /var/lib/jenkins/workspace/agora-release-linux-2/ServerSDK-Video/src/core_service/event_handler.cpp:1390: level 1: INFO    ( 6:57:52:387 |    0)  27944; [dns] parsed ip 52.68.71.190
AgoraCoreService[27929]: (27929) /var/lib/jenkins/workspace/agora-release-linux-2/ServerSDK-Video/src/core_service/event_handler.cpp:1390: level 1: INFO    ( 6:57:52:387 |    0)  27944; [ap] onParsedDns with err 0, 128.1.87.155, 199.190.44.35, 203.60.2.40, 3.0.163.78, 47.74.211.17, 52.68.71.190, 
AgoraCoreService[27929]: (27929) /var/lib/jenkins/workspace/agora-release-linux-2/ServerSDK-Video/src/core_service/event_handler.cpp:1390: level 1: INFO    ( 6:57:52:387 |    0)  27944; [dns] parsed ip 52.68.71.190
AgoraCoreService[27929]: (27929) /var/lib/jenkins/workspace/agora-release-linux-2/ServerSDK-Video/src/core_service/event_handler.cpp:1390: level 1: INFO    ( 6:57:52:387 |    0)  27944; [dns] parsed ip 199.190.44.35
AgoraCoreService[27929]: (27929) /var/lib/jenkins/workspace/agora-release-linux-2/ServerSDK-Video/src/core_service/event_handler.cpp:1390: level 1: INFO    ( 6:57:52:387 |    0)  27944; [dns] parsed ip 47.74.211.17
AgoraCoreService[27929]: (27929) /var/lib/jenkins/workspace/agora-release-linux-2/ServerSDK-Video/src/core_service/event_handler.cpp:1390: level 1: INFO    ( 6:57:52:387 |    0)  27944; [dns] parsed ip 3.0.163.78
AgoraCoreService[27929]: (27929) /var/lib/jenkins/workspace/agora-release-linux-2/ServerSDK-Video/src/core_service/event_handler.cpp:1390: level 1: INFO    ( 6:57:52:387 |    0)  27944; [dns] parsed ip 203.60.2.40
AgoraCoreService[27929]: (27929) /var/lib/jenkins/workspace/agora-release-linux-2/ServerSDK-Video/src/core_service/event_handler.cpp:1390: level 1: INFO    ( 6:57:52:387 |    0)  27944; [dns] parsed ip 128.1.87.155
AgoraCoreService[27929]: (27929) /var/lib/jenkins/workspace/agora-release-linux-2/ServerSDK-Video/src/core_service/event_handler.cpp:1390: level 1: INFO    ( 6:57:52:401 |   14)  27944; [dns] parsed ip 47.74.211.17
AgoraCoreService[27929]: (27929) /var/lib/jenkins/workspace/agora-release-linux-2/ServerSDK-Video/src/core_service/event_handler.cpp:1390: level 1: INFO    ( 6:57:52:401 |    0)  27944; [dns] parsed ip 128.1.87.155
AgoraCoreService[27929]: (27929) /var/lib/jenkins/workspace/agora-release-linux-2/ServerSDK-Video/src/core_service/event_handler.cpp:1390: level 1: INFO    ( 6:57:52:401 |    0)  27944; [dns] parsed ip 199.190.44.35
AgoraCoreService[27929]: (27929) /var/lib/jenkins/workspace/agora-release-linux-2/ServerSDK-Video/src/core_service/event_handler.cpp:1390: level 1: INFO    ( 6:57:52:401 |    0)  27944; [dns] parsed ip 203.60.2.40
AgoraCoreService[27929]: (27929) /var/lib/jenkins/workspace/agora-release-linux-2/ServerSDK-Video/src/core_service/event_handler.cpp:1390: level 1: INFO    ( 6:57:52:401 |    0)  27944; [dns] parsed ip 3.0.163.78
AgoraCoreService[27929]: (27929) /var/lib/jenkins/workspace/agora-release-linux-2/ServerSDK-Video/src/core_service/event_handler.cpp:1390: level 1: INFO    ( 6:57:52:401 |    0)  27944; [dns] parsed ip 52.68.71.190
AgoraCoreService[27929]: (27929) /var/lib/jenkins/workspace/agora-release-linux-2/ServerSDK-Video/src/core_service/event_handler.cpp:1390: level 1: INFO    ( 6:57:52:436 |   35)  27944; [ap/u] **responsed from 199.190.44.136:8000, 3 STUN, server ts 1547449072383
AgoraCoreService[27929]: (27929) /var/lib/jenkins/workspace/agora-release-linux-2/ServerSDK-Video/src/core_service/event_handler.cpp:1390: level 1: INFO    ( 6:57:52:486 |   50)  27944; [vocs/u] **responsed from 69.28.51.138:8000, 3 vos, elapsed 147, server ts 1547449072435, wan ip 35.221.71.199
AgoraCoreService[27929]: (27929) /var/lib/jenkins/workspace/agora-release-linux-2/ServerSDK-Video/src/core_service/event_handler.cpp:1390: level 1: INFO    ( 6:57:52:486 |    0)  27944; [vos] added server: 103.193.127.73:4003
AgoraCoreService[27929]: (27929) /var/lib/jenkins/workspace/agora-release-linux-2/ServerSDK-Video/src/core_service/event_handler.cpp:1390: level 1: INFO    ( 6:57:52:486 |    0)  27944; [vos] added server: 107.155.29.139:4006
AgoraCoreService[27929]: (27929) /var/lib/jenkins/workspace/agora-release-linux-2/ServerSDK-Video/src/core_service/event_handler.cpp:1390: level 1: INFO    ( 6:57:52:486 |    0)  27944; [vos] added server: 103.230.251.242:4004
AgoraCoreService[27929]: (27929) /var/lib/jenkins/workspace/agora-release-linux-2/ServerSDK-Video/src/core_service/event_handler.cpp:1390: level 1: INFO    ( 6:57:52:487 |    1)  27944; [ch0] vos initialized
AgoraCoreService[27929]: (27929) /var/lib/jenkins/workspace/agora-release-linux-2/ServerSDK-Video/src/core_service/event_handler.cpp:1390: level 1: INFO    ( 6:57:52:487 |    0)  27944; [vos] selected: 103.230.251.242:4004
AgoraCoreService[27929]: (27929) /var/lib/jenkins/workspace/agora-release-linux-2/ServerSDK-Video/src/core_service/event_handler.cpp:1390: level 4: ERROR   ( 6:57:52:487 |    0)  27944; [ch0] login strategy=2
AgoraCoreService[27929]: (27929) /var/lib/jenkins/workspace/agora-release-linux-2/ServerSDK-Video/src/core_service/event_handler.cpp:1390: level 1: INFO    ( 6:57:52:487 |    0)  27944; [ds]: ver 1 ds '{"streamType":5,"clientRole":2}'
AgoraCoreService[27929]: (27929) /var/lib/jenkins/workspace/agora-release-linux-2/ServerSDK-Video/src/core_service/event_handler.cpp:1390: level 1: INFO    ( 6:57:52:487 |    0)  27944; [ch0] Login VOS (proto:10, cid:1814354847, uid:1067235585, ts:1547449072487, ticket size:76 ds:1 stream:+A+VH) 2: 103.230.251.242:4004
AgoraCoreService[27929]: (27929) /var/lib/jenkins/workspace/agora-release-linux-2/ServerSDK-Video/src/core_service/event_handler.cpp:1390: level 1: INFO    ( 6:57:52:496 |    9)  27944; [ch0] **VOS response to login request (res 0 elapsed 157, server ts 1547449072479, s-c:-17) from 103.230.251.242:4004, and current dest server 103.230.251.242:4004
AgoraCoreService[27929]: (27929) /var/lib/jenkins/workspace/agora-release-linux-2/ServerSDK-Video/src/core_service/event_handler.cpp:1390: level 1: INFO    ( 6:57:52:496 |    0)  27944; updateActiveVosList: ["103.230.251.242:4004"]
AgoraCoreService[27929]: (27929) /var/lib/jenkins/workspace/agora-release-linux-2/ServerSDK-Video/src/core_service/event_handler.cpp:1390: level 1: INFO    ( 6:57:52:496 |    0)  27944; [che] start call begins
AgoraCoreService[27929]: (27929) /var/lib/jenkins/workspace/agora-release-linux-2/ServerSDK-Video/src/core_service/event_handler.cpp:1390: level 1: INFO    ( 6:57:52:496 |    0)  27944; Set Application Mode in RTC Engine to No. 6
AgoraCoreService[27929]: (27929) /var/lib/jenkins/workspace/agora-release-linux-2/ServerSDK-Video/src/core_service/event_handler.cpp:1390: level 4: ERROR   ( 6:57:52:496 |    0)  27944; GetCodec() invalid index (error=8004)
AgoraCoreService[27929]: (27929) /var/lib/jenkins/workspace/agora-release-linux-2/ServerSDK-Video/src/core_service/event_handler.cpp:1390: level 1: INFO    ( 6:57:52:496 |    0)  27944; SetCodec by type : No. 77
AgoraCoreService[27929]: (27929) /var/lib/jenkins/workspace/agora-release-linux-2/ServerSDK-Video/src/core_service/event_handler.cpp:1390: level 1: INFO    ( 6:57:52:496 |    0)  27944; Setting dtx mode to 0
AgoraCoreService[27929]: (27929) /var/lib/jenkins/workspace/agora-release-linux-2/ServerSDK-Video/src/core_service/event_handler.cpp:1390: level 1: INFO    ( 6:57:52:500 |    4)  27944; StartPlayout complete
AgoraCoreService[27929]: (27929) /var/lib/jenkins/workspace/agora-release-linux-2/ServerSDK-Video/src/core_service/event_handler.cpp:1390: level 1: INFO    ( 6:57:52:500 |    0)  27944; output: kDummyAudio
AgoraCoreService[27929]: (27929) /var/lib/jenkins/workspace/agora-release-linux-2/ServerSDK-Video/src/core_service/event_handler.cpp:1390: level 1: INFO    ( 6:57:52:509 |    9)  27944; StartRecording complete
AgoraCoreService[27929]: (27929) /var/lib/jenkins/workspace/agora-release-linux-2/ServerSDK-Video/src/core_service/event_handler.cpp:1390: level 4: ERROR   ( 6:57:52:509 |    0)  27944; SetAgcConfig() failed to set the range in |gain| the digital compression stage may apply (error=8097)
AgoraCoreService[27929]: (27929) /var/lib/jenkins/workspace/agora-release-linux-2/ServerSDK-Video/src/core_service/event_handler.cpp:1390: level 1: INFO    ( 6:57:52:509 |    0)  27944; Application Config module:  Route 0, NS on, AEC on, AGC on, BSS off, HC off
AgoraCoreService[27929]: (27929) /var/lib/jenkins/workspace/agora-release-linux-2/ServerSDK-Video/src/core_service/event_handler.cpp:1390: level 1: INFO    ( 6:57:52:509 |    0)  27944; MID = 0, Routing = 0
AgoraCoreService[27929]: (27929) /var/lib/jenkins/workspace/agora-release-linux-2/ServerSDK-Video/src/core_service/event_handler.cpp:1390: level 1: INFO    ( 6:57:52:509 |    0)  27944; [che] startLocalVideo: video capture has been enabled
AgoraCoreService[27929]: (27929) /var/lib/jenkins/workspace/agora-release-linux-2/ServerSDK-Video/src/core_service/event_handler.cpp:1390: level 1: INFO    ( 6:57:52:509 |    0)  27944; doStartLocalRender: init? 1 capture id -1 device 1024 capturing? 0 rendering? 0
AgoraCoreService[27929]: (27929) /var/lib/jenkins/workspace/agora-release-linux-2/ServerSDK-Video/src/core_service/event_handler.cpp:1390: level 1: INFO    ( 6:57:52:509 |    0)  27944; doStartLocalRender: Receive Only Mode, local renderer still on.
AgoraCoreService[27929]: (27929) /var/lib/jenkins/workspace/agora-release-linux-2/ServerSDK-Video/src/core_service/event_handler.cpp:1390: level 1: INFO    ( 6:57:52:509 |    0)  27944; [che] start call returns 0, elapsed 13
AgoraCoreService[27929]: (27929) /var/lib/jenkins/workspace/agora-release-linux-2/ServerSDK-Video/src/core_service/event_handler.cpp:1390: level 1: INFO    ( 6:57:52:509 |    0)  27944; Setting dtx mode to 0
AgoraCoreService[27929]: (27929) /var/lib/jenkins/workspace/agora-release-linux-2/ServerSDK-Video/src/core_service/event_handler.cpp:1390: level 1: INFO    ( 6:57:52:509 |    0)  27944; setNetEQMinimumPlayoutDelay delay(3000)
AgoraCoreService[27929]: (27929) /var/lib/jenkins/workspace/agora-release-linux-2/ServerSDK-Video/src/core_service/event_handler.cpp:1390: level 1: INFO    ( 6:57:52:509 |    0)  27944; join channel success: cname 'abc' uid 1067235585 elapsed 170
AgoraCoreService[27929]: (27929) /var/lib/jenkins/workspace/agora-release-linux-2/ServerSDK-Video/src/core_service/event_handler.cpp:1390: level 1: INFO    ( 6:57:52:509 |    0)  27944; CacheManager: save cache to storage elapsed 0
AgoraCoreService[27929]: (27929) /var/lib/jenkins/workspace/agora-release-linux-2/ServerSDK-Video/src/core_service/event_handler.cpp:1161: User 1067235585 join channel abc success, elapsed: 170 ms
AgoraCoreService[27929]: (27929) /var/lib/jenkins/workspace/agora-release-linux-2/ServerSDK-Video/src/core_service/event_handler.cpp:1087: Channel counters: mix mode:1 , min port:-1 , max port:-1 ,decode audio:0 , decode_video:0 , is live:1 , idle:10 , is audio only:0 ,syslog facility:8 , mix mode height:480 , mix mode width:640 , mix mode fps:15 , mix mode kbps:1000 , mix av:1, streamType:0, triggerMode:0, lang:0
AgoraCoreService[27929]: (27929) /var/lib/jenkins/workspace/agora-release-linux-2/ServerSDK-Video/src/core_service/event_handler.cpp:1390: level 1: INFO    ( 6:57:52:509 |    0)  27945; User 1067235585 join channel abc success, elapsed: 170 ms
AgoraCoreService[27929]: (27929) /var/lib/jenkins/workspace/agora-release-linux-2/ServerSDK-Video/src/core_service/event_handler.cpp:1390: level 1: INFO    ( 6:57:52:509 |    0)  27929; Channel counters: mix mode:1 , min port:-1 , max port:-1 ,decode audio:0 , decode_video:0 , is live:1 , idle:10 , is audio only:0 ,syslog facility:8 , mix mode height:480 , mix mode width:640 , mix mode fps:15 , mix
AgoraCoreService[27929]: (27929) /var/lib/jenkins/workspace/agora-release-linux-2/ServerSDK-Video/src/core_service/event_handler.cpp:1390: level 1: INFO    ( 6:57:52:518 |    9)  27944; [rp] {"che.audio.specify.codec":"AACLC"}
AgoraCoreService[27929]: (27929) /var/lib/jenkins/workspace/agora-release-linux-2/ServerSDK-Video/src/core_service/event_handler.cpp:1390: level 1: INFO    ( 6:57:52:518 |    0)  27944; SetCodec is specified to be AACLC
AgoraCoreService[27929]: (27929) /var/lib/jenkins/workspace/agora-release-linux-2/ServerSDK-Video/src/core_service/event_handler.cpp:1390: level 4: ERROR   ( 6:57:52:518 |    0)  27944; GetCodec() invalid index (error=8004)
AgoraCoreService[27929]: (27929) /var/lib/jenkins/workspace/agora-release-linux-2/ServerSDK-Video/src/core_service/event_handler.cpp:1390: level 1: INFO    ( 6:57:52:518 |    0)  27944; enforced setCodec, set by specifyCodec
AgoraCoreService[27929]: (27929) /var/lib/jenkins/workspace/agora-release-linux-2/ServerSDK-Video/src/core_service/event_handler.cpp:1390: level 1: INFO    ( 6:57:52:518 |    0)  27944; SetCodec by type : No. 75
AgoraCoreService[27929]: (27929) /var/lib/jenkins/workspace/agora-release-linux-2/ServerSDK-Video/src/core_service/event_handler.cpp:1390: level 1: INFO    ( 6:57:52:518 |    0)  27944; [rp] {"che.audio.audienceMode":false}
AgoraCoreService[27929]: (27929) /var/lib/jenkins/workspace/agora-release-linux-2/ServerSDK-Video/src/core_service/event_handler.cpp:1390: level 1: INFO    ( 6:57:52:518 |    0)  27944; [rp] {"che.video.audienceMode":false}
AgoraCoreService[27929]: (27929) /var/lib/jenkins/workspace/agora-release-linux-2/ServerSDK-Video/src/core_service/event_handler.cpp:1390: level 1: INFO    ( 6:57:52:518 |    0)  27944; [rp] {"che.video.server_mode":true}
AgoraCoreService[27929]: (27929) /var/lib/jenkins/workspace/agora-release-linux-2/ServerSDK-Video/src/core_service/event_handler.cpp:1390: level 1: INFO    ( 6:57:52:518 |    0)  27944; switchServerMode : mosaic=1
AgoraCoreService[27929]: (27929) /var/lib/jenkins/workspace/agora-release-linux-2/ServerSDK-Video/src/core_service/event_handler.cpp:1390: level 2: WARN    ( 6:57:52:518 |    0)  27944; stopCapture: VideoEngine haven't startCapture
AgoraCoreService[27929]: (27929) /var/lib/jenkins/workspace/agora-release-linux-2/ServerSDK-Video/src/core_service/event_handler.cpp:1390: level 1: INFO    ( 6:57:52:518 |    0)  27944; setCaptureDevice: index=1024
AgoraCoreService[27929]: (27929) /var/lib/jenkins/workspace/agora-release-linux-2/ServerSDK-Video/src/core_service/event_handler.cpp:1390: level 1: INFO    ( 6:57:52:518 |    0)  27944; VideoSendTrackImpl::UpdateCapturer capturer=0x7f9cf814aa80
AgoraCoreService[27929]: (27929) /var/lib/jenkins/workspace/agora-release-linux-2/ServerSDK-Video/src/core_service/event_handler.cpp:1390: level 1: INFO    ( 6:57:52:518 |    0)  27944; CreateVideoCapturer: interface=0x7f9cf814aa80
AgoraCoreService[27929]: (27929) /var/lib/jenkins/workspace/agora-release-linux-2/ServerSDK-Video/src/core_service/event_handler.cpp:1390: level 1: INFO    ( 6:57:52:518 |    0)  27944; Create participant 0
AgoraCoreService[27929]: (27929) /var/lib/jenkins/workspace/agora-release-linux-2/ServerSDK-Video/src/core_service/event_handler.cpp:1390: level 1: INFO    ( 6:57:52:518 |    0)  27944; startCapture: device? 1024 init? 1 local enabled? 1 capturing? 0 rendering? 0
AgoraCoreService[27929]: (27929) /var/lib/jenkins/workspace/agora-release-linux-2/ServerSDK-Video/src/core_service/event_handler.cpp:1390: level 1: INFO    ( 6:57:52:518 |    0)  27944; AgoraVideoInput::Init thread=1, type=100, device=External Device
AgoraCoreService[27929]: (27929) /var/lib/jenkins/workspace/agora-release-linux-2/ServerSDK-Video/src/core_service/event_handler.cpp:1390: level 1: INFO    ( 6:57:52:531 |   13)  27952; Thread with name:AgoraInputThread started 
AgoraCoreService[27929]: (27929) /var/lib/jenkins/workspace/agora-release-linux-2/ServerSDK-Video/src/core_service/event_handler.cpp:1390: level 1: INFO    ( 6:57:52:532 |    1)  27953; Thread with name:ExternalCaptureThread started 
AgoraCoreService[27929]: (27929) /var/lib/jenkins/workspace/agora-release-linux-2/ServerSDK-Video/src/core_service/event_handler.cpp:1390: level 1: INFO    ( 6:57:52:532 |    0)  27944; setCodec: index=1 width=640 height=480 framerate=15
AgoraCoreService[27929]: (27929) /var/lib/jenkins/workspace/agora-release-linux-2/ServerSDK-Video/src/core_service/event_handler.cpp:1390: level 1: INFO    ( 6:57:52:532 |    0)  27944; setMaxVideoBitrate: max bitrate=1000000
AgoraCoreService[27929]: (27929) /var/lib/jenkins/workspace/agora-release-linux-2/ServerSDK-Video/src/core_service/event_handler.cpp:1390: level 1: INFO    ( 6:57:52:532 |    0)  27944; AgoraVideoInput::Start width=640, height=480, fps=15
AgoraCoreService[27929]: (27929) /var/lib/jenkins/workspace/agora-release-linux-2/ServerSDK-Video/src/core_service/event_handler.cpp:1390: level 1: INFO    ( 6:57:52:534 |    2)  27954; Thread with name:WebRtc_event_timer_thread started 
AgoraCoreService[27929]: (27929) /var/lib/jenkins/workspace/agora-release-linux-2/ServerSDK-Video/src/core_service/event_handler.cpp:1390: level 1: INFO    ( 6:57:52:534 |    0)  27944; startCapture: startCapture success
AgoraCoreService[27929]: (27929) /var/lib/jenkins/workspace/agora-release-linux-2/ServerSDK-Video/src/core_service/event_handler.cpp:1390: level 1: INFO    ( 6:57:52:534 |    0)  27944; RequestEncodeKeyFrame
AgoraCoreService[27929]: (27929) /var/lib/jenkins/workspace/agora-release-linux-2/ServerSDK-Video/src/core_service/event_handler.cpp:1390: level 1: INFO    ( 6:57:52:534 |    0)  27944; doStartLocalRender: init? 1 capture id -1 device 1024 capturing? 1 rendering? 0
AgoraCoreService[27929]: (27929) /var/lib/jenkins/workspace/agora-release-linux-2/ServerSDK-Video/src/core_service/event_handler.cpp:1390: level 1: INFO    ( 6:57:52:534 |    0)  27944; [ch0] rtt: 25
AgoraCoreService[27929]: (27929) /var/lib/jenkins/workspace/agora-release-linux-2/ServerSDK-Video/src/core_service/event_handler.cpp:1390: level 1: INFO    ( 6:57:52:570 |   36)  27944; [rlbs/u] responsed from 221.228.78.123:9700 with servers 128.1.33.168:8913
AgoraCoreService[27929]: (27929) /var/lib/jenkins/workspace/agora-release-linux-2/ServerSDK-Video/src/core_service/event_handler.cpp:1390: level 1: INFO    ( 6:57:52:570 |    0)  27944; [rs] updateServers 128.1.33.168:8913, priority 3
AgoraCoreService[27929]: (27929) /var/lib/jenkins/workspace/agora-release-linux-2/ServerSDK-Video/src/core_service/event_handler.cpp:1390: level 1: INFO    ( 6:57:52:570 |    0)  27944; [rs] updateServers 199.190.44.37:8913, priority 3
AgoraCoreService[27929]: (27929) /var/lib/jenkins/workspace/agora-release-linux-2/ServerSDK-Video/src/core_service/event_handler.cpp:1390: level 1: INFO    ( 6:57:52:570 |    0)  27944; [rs] updateServers 103.193.127.74:8913, priority 3
AgoraCoreService[27929]: (27929) /var/lib/jenkins/workspace/agora-release-linux-2/ServerSDK-Video/src/core_service/event_handler.cpp:1390: level 1: INFO    ( 6:57:52:603 |   33)  27952; [che] onVideoSizeChanged: uid 0 640x480 rotate 0
AgoraCoreService[27929]: (27929) /var/lib/jenkins/workspace/agora-release-linux-2/ServerSDK-Video/src/core_service/event_handler.cpp:1390: level 1: INFO    ( 6:57:52:605 |    2)  27951; Encoder rc method 3
AgoraCoreService[27929]: (27929) /var/lib/jenkins/workspace/agora-release-linux-2/ServerSDK-Video/src/core_service/event_handler.cpp:1390: level 1: INFO    ( 6:57:52:646 |   41)  27944; [ap/u] **responsed from 223.111.250.6:8000, 3 STUN, server ts 1547449072444
AgoraCoreService[27929]: (27929) /var/lib/jenkins/workspace/agora-release-linux-2/ServerSDK-Video/src/core_service/event_handler.cpp:1390: level 1: INFO    ( 6:57:52:652 |    6)  27944; [vocs/u] **responsed from 221.228.202.134:8000, 3 vos, elapsed 313, server ts 1547449072532, wan ip 35.221.71.199
AgoraCoreService[27929]: (27929) /var/lib/jenkins/workspace/agora-release-linux-2/ServerSDK-Video/src/core_service/event_handler.cpp:1390: level 1: INFO    ( 6:57:52:674 |   22)  27944; [vocs/u] **responsed from 123.155.153.69:8000, 3 vos, elapsed 335, server ts 1547449072433, wan ip 35.221.71.199
AgoraCoreService[27929]: (27929) /var/lib/jenkins/workspace/agora-release-linux-2/ServerSDK-Video/src/core_service/event_handler.cpp:1390: level 1: INFO    ( 6:57:52:786 |  112)  27944; [ap/u] **responsed from 42.202.132.197:8000, 3 STUN, server ts 1547449072473
AgoraCoreService[27929]: (27929) /var/lib/jenkins/workspace/agora-release-linux-2/ServerSDK-Video/src/core_service/event_handler.cpp:1390: level 1: INFO    ( 6:57:54:496 |    0)  27944; notifyPeerCount: cnt 0
node[27905]: (27905) /var/lib/jenkins/workspace/agora-release-linux-2/ServerSDK-Video/src/rec_engine/RecordingEngineImpl.cpp:524: [Wrapper] channel id: abc packet stats, total: 0, callback_->AudioFrameReceived: pcmPackets: 0, pcmTotalPackets: 0, aacPackets: 0, yuvF2Packets: 0, h264F2Packets: 0, errPackets: 0, otherPackets: 0
AgoraCoreService[27929]: (27929) /var/lib/jenkins/workspace/agora-release-linux-2/ServerSDK-Video/src/core_service/event_handler.cpp:1390: level 1: INFO    ( 6:57:57:346 |    0)  27944; [rs] **report stats: seq: 15, report list size 0, tx/rx: 2837/720, cache size: 0
AgoraCoreService[27929]: (27929) /var/lib/jenkins/workspace/agora-release-linux-2/ServerSDK-Video/src/core_service/event_handler.cpp:1390: level 1: INFO    ( 6:57:58:509 |  163)  27946; Audio statistics - play count: playout count = 200  signal level: far_in = 0
AgoraCoreService[27929]: (27929) /var/lib/jenkins/workspace/agora-release-linux-2/ServerSDK-Video/src/core_service/event_handler.cpp:1390: level 1: INFO    ( 6:57:58:509 |    0)  27946; Audio statistics - rec count: record count = 200 signal level: near_in = 0, near_out = 0 encode_in = 0
AgoraCoreService[27929]: (27929) /var/lib/jenkins/workspace/agora-release-linux-2/ServerSDK-Video/src/core_service/event_handler.cpp:1381: No users in channel after join channel successfullly for 10 seconds, aborting, leave_code:4, quit_duration_:12 .
AgoraCoreService[27929]: (27929) /var/lib/jenkins/workspace/agora-release-linux-2/ServerSDK-Video/src/core_service/event_handler.cpp:1390: level 2: WARN    ( 6:58: 4:346 |    0)  27945; No users in channel after join channel successfullly for  10 seconds, aborting, leave_code:4, quit_duration_:12 .
AgoraCoreService[27929]: (27929) /var/lib/jenkins/workspace/agora-release-linux-2/ServerSDK-Video/src/core_service/event_handler.cpp:921: ARS push leave pkt to queue inform wrapper
AgoraCoreService[27929]: (27929) /var/lib/jenkins/workspace/agora-release-linux-2/ServerSDK-Video/src/core_service/event_handler.cpp:1390: level 1: INFO    ( 6:58: 4:523 |  177)  27929; ARS push leave pkt to queue inform wrapper
AgoraCoreService[27929]: (27929) /var/lib/jenkins/workspace/agora-release-linux-2/ServerSDK-Video/src/core_service/event_handler.cpp:1390: level 1: INFO    ( 6:58: 4:926 |  403)  27944; audio setPeerAudioMuteStatus: uid 2704964275 muted 0
AgoraCoreService[27929]: (27929) /var/lib/jenkins/workspace/agora-release-linux-2/ServerSDK-Video/src/core_service/event_handler.cpp:1390: level 1: INFO    ( 6:58: 4:926 |    0)  27944; video setPeerVideoMuteStatus: uid 2704964275 muted 1
AgoraCoreService[27929]: (27929) /var/lib/jenkins/workspace/agora-release-linux-2/ServerSDK-Video/src/core_service/event_handler.cpp:1390: level 1: INFO    ( 6:58: 4:926 |    0)  27944; [pm] peer 2704964275 is online
AgoraCoreService[27929]: (27929) /var/lib/jenkins/workspace/agora-release-linux-2/ServerSDK-Video/src/core_service/event_handler.cpp:1390: level 1: INFO    ( 6:58: 4:926 |    0)  27944; notifyPeerCount: cnt 1
AgoraCoreService[27929]: (27929) /var/lib/jenkins/workspace/agora-release-linux-2/ServerSDK-Video/src/core_service/event_handler.cpp:1390: level 1: INFO    ( 6:58: 4:926 |    0)  27944; [pm] peer 2704964275 has enabled video
AgoraCoreService[27929]: (27929) /var/lib/jenkins/workspace/agora-release-linux-2/ServerSDK-Video/src/core_service/event_handler.cpp:1390: level 1: INFO    ( 6:58: 4:926 |    0)  27944; video setPeerVideoMuteStatus: uid 2704964275 muted 1
AgoraCoreService[27929]: (27929) /var/lib/jenkins/workspace/agora-release-linux-2/ServerSDK-Video/src/core_service/event_handler.cpp:1390: level 1: INFO    ( 6:58: 4:926 |    0)  27944; [pm] peer 2704964275 has enabled local video
AgoraCoreService[27929]: (27929) /var/lib/jenkins/workspace/agora-release-linux-2/ServerSDK-Video/src/core_service/event_handler.cpp:1390: level 1: INFO    ( 6:58: 4:926 |    0)  27944; video setPeerVideoMuteStatus: uid 2704964275 muted 0
AgoraCoreService[27929]: (27929) /var/lib/jenkins/workspace/agora-release-linux-2/ServerSDK-Video/src/core_service/event_handler.cpp:1198: offset 12587ms: 2704964275 joined the channel
AgoraCoreService[27929]: (27929) /var/lib/jenkins/workspace/agora-release-linux-2/ServerSDK-Video/src/core_service/media_file.cpp:1115: MediaFile::UpdateUserOfflineStatePerJoinuid=2704964275,IsUserOffline_=0
AgoraCoreService[27929]: (27929) /var/lib/jenkins/workspace/agora-release-linux-2/ServerSDK-Video/src/core_service/event_handler.cpp:192: status changed uid:2704964275 isMuteVideo:0 enabledVideo:1 enabledLocalVideo:1 online:1
AgoraCoreService[27929]: (27929) /var/lib/jenkins/workspace/agora-release-linux-2/ServerSDK-Video/src/core_service/rtmp_renderer.cpp:881: User 2704964275 joined
AgoraCoreService[27929]: (27929) /var/lib/jenkins/workspace/agora-release-linux-2/ServerSDK-Video/src/core_service/event_handler.cpp:1234: User 2704964275 request 0 stream
AgoraCoreService[27929]: (27929) /var/lib/jenkins/workspace/agora-release-linux-2/ServerSDK-Video/src/core_service/event_handler.cpp:1324: User 2704964275 enabled video 1
AgoraCoreService[27929]: (27929) /var/lib/jenkins/workspace/agora-release-linux-2/ServerSDK-Video/src/core_service/event_handler.cpp:1342: User 2704964275 enabled local video 1
AgoraCoreService[27929]: (27929) /var/lib/jenkins/workspace/agora-release-linux-2/ServerSDK-Video/src/core_service/event_handler.cpp:1390: level 1: INFO    ( 6:58: 4:926 |    0)  27945; offset 12587ms: 2704964275 joined the channel
AgoraCoreService[27929]: (27929) /var/lib/jenkins/workspace/agora-release-linux-2/ServerSDK-Video/src/core_service/event_handler.cpp:1390: level 1: INFO    ( 6:58: 4:926 |    0)  27945; User 2704964275 request 0 stream
AgoraCoreService[27929]: (27929) /var/lib/jenkins/workspace/agora-release-linux-2/ServerSDK-Video/src/core_service/event_handler.cpp:1390: level 1: INFO    ( 6:58: 4:926 |    0)  27945; User 2704964275 enabled video 1
AgoraCoreService[27929]: (27929) /var/lib/jenkins/workspace/agora-release-linux-2/ServerSDK-Video/src/core_service/event_handler.cpp:1390: level 1: INFO    ( 6:58: 4:926 |    0)  27945; User 2704964275 enabled local video 1
AgoraCoreService[27929]: (27929) /var/lib/jenkins/workspace/agora-release-linux-2/ServerSDK-Video/src/core_service/event_handler.cpp:1390: level 1: INFO    ( 6:58: 4:932 |    6)  27944; [rp] {"rtc.video.set_remote_video_stream":{"uid":2704964275,"stream":0},"che.video.setstream":{"uid":2704964275,"stream":0}}
AgoraCoreService[27929]: (27929) /var/lib/jenkins/workspace/agora-release-linux-2/ServerSDK-Video/src/core_service/event_handler.cpp:1390: level 1: INFO    ( 6:58: 4:932 |    0)  27944; [pm] switch video stream type peer 2704964275 type 0
AgoraCoreService[27929]: (27929) /var/lib/jenkins/workspace/agora-release-linux-2/ServerSDK-Video/src/core_service/media_file.cpp:666: MediaFile::startAudioRecord uid=0
AgoraCoreService[27929]: (27929) /var/lib/jenkins/workspace/agora-release-linux-2/ServerSDK-Video/src/core_service/media_file.cpp:687: init aac codec, channels:1
AgoraCoreService[27929]: (27929) /var/lib/jenkins/workspace/agora-release-linux-2/ServerSDK-Video/src/core_service/media_file.cpp:615: MediaFile::createMP4File uid=0
AgoraCoreService[27929]: (27929) /var/lib/jenkins/workspace/agora-release-linux-2/ServerSDK-Video/src/core_service/media_file.cpp:1148: MediaFile::CreateNewUidTimestampPerJoinuid=0,IsUserOffline_=1,time:,audio:0,H264:0,infotype:1
AgoraCoreService[27929]: (27929) /var/lib/jenkins/workspace/agora-release-linux-2/ServerSDK-Video/src/core_service/media_file.cpp:1177: MediaFile::CreateNewUidTimestampPerJoinuid=0,IsUserOffline_=1,time:20190114065804933,audio:0,H264:0,infotype:1
AgoraCoreService[27929]: (27929) /var/lib/jenkins/workspace/agora-release-linux-2/ServerSDK-Video/src/core_service/media_file.cpp:1185: MediaFile::ClearUidTimestampPerOfflineuid=0,IsUserOffline_=1,time:20190114065804933,audio:0,H264:0,infotype:1
AgoraCoreService[27929]: (27929) /var/lib/jenkins/workspace/agora-release-linux-2/ServerSDK-Video/src/core_service/media_file.cpp:1198: MediaFile::ClearUidTimestampPerOfflineuid=0,IsUserOffline_=1,time:20190114065804933,audio:0,H264:0,infotype:1
AgoraCoreService[27929]: (27929) /var/lib/jenkins/workspace/agora-release-linux-2/ServerSDK-Video/src/core_service/media_file.cpp:1148: MediaFile::CreateNewUidTimestampPerJoinuid=0,IsUserOffline_=1,time:20190114065804933,audio:0,H264:0,infotype:101
AgoraCoreService[27929]: (27929) /var/lib/jenkins/workspace/agora-release-linux-2/ServerSDK-Video/src/core_service/media_file.cpp:1177: MediaFile::CreateNewUidTimestampPerJoinuid=0,IsUserOffline_=1,time:20190114065804933,audio:0,H264:0,infotype:101
AgoraCoreService[27929]: (27929) /var/lib/jenkins/workspace/agora-release-linux-2/ServerSDK-Video/src/core_service/media_file.cpp:1185: MediaFile::ClearUidTimestampPerOfflineuid=0,IsUserOffline_=1,time:20190114065804933,audio:0,H264:0,infotype:101
AgoraCoreService[27929]: (27929) /var/lib/jenkins/workspace/agora-release-linux-2/ServerSDK-Video/src/core_service/media_file.cpp:1198: MediaFile::ClearUidTimestampPerOfflineuid=0,IsUserOffline_=1,time:20190114065804933,audio:0,H264:0,infotype:101
AgoraCoreService[27929]: (27929) /var/lib/jenkins/workspace/agora-release-linux-2/ServerSDK-Video/src/core_service/event_handler.cpp:891: Before cleanup cnt 1, errno 2 4, joined_ 1, term_sig 1, leave path code 12
AgoraCoreService[27929]: (27929) /var/lib/jenkins/workspace/agora-release-linux-2/ServerSDK-Video/src/core_service/event_handler.cpp:601: Leaving channel and ready to cleanup
AgoraCoreService[27929]: (27929) /var/lib/jenkins/workspace/agora-release-linux-2/ServerSDK-Video/src/core_service/event_handler.cpp:1390: level 2: WARN    ( 6:58: 5: 23 |    0)  27929; Before cleanup cnt 1, errno 2 4, joined_ 1, term_sig 1, leave path code 12
AgoraCoreService[27929]: (27929) /var/lib/jenkins/workspace/agora-release-linux-2/ServerSDK-Video/src/core_service/event_handler.cpp:1390: level 1: INFO    ( 6:58: 5: 23 |    0)  27929; Leaving channel and ready to cleanup
AgoraCoreService[27929]: (27929) /var/lib/jenkins/workspace/agora-release-linux-2/ServerSDK-Video/src/core_service/event_handler.cpp:1390: level 1: INFO    ( 6:58: 5: 23 |    0)  27929; API call to leave channel
AgoraCoreService[27929]: (27929) /var/lib/jenkins/workspace/agora-release-linux-2/ServerSDK-Video/src/core_service/event_handler.cpp:1390: level 1: INFO    ( 6:58: 5: 23 |    0)  27944; [cm] emit leave channel signal
AgoraCoreService[27929]: (27929) /var/lib/jenkins/workspace/agora-release-linux-2/ServerSDK-Video/src/core_service/event_handler.cpp:1390: level 1: INFO    ( 6:58: 5: 24 |    1)  27944; stopLocalRender
AgoraCoreService[27929]: (27929) /var/lib/jenkins/workspace/agora-release-linux-2/ServerSDK-Video/src/core_service/event_handler.cpp:1390: level 1: INFO    ( 6:58: 5: 24 |    0)  27944; stopLocalRender success
AgoraCoreService[27929]: (27929) /var/lib/jenkins/workspace/agora-release-linux-2/ServerSDK-Video/src/core_service/event_handler.cpp:1390: level 1: INFO    ( 6:58: 5: 24 |    0)  27944; AgoraVideoInput::Stop
AgoraCoreService[27929]: (27929) /var/lib/jenkins/workspace/agora-release-linux-2/ServerSDK-Video/src/core_service/event_handler.cpp:1390: level 1: INFO    ( 6:58: 5: 24 |    0)  27954; Thread with name:WebRtc_event_timer_thread stopped
AgoraCoreService[27929]: (27929) /var/lib/jenkins/workspace/agora-release-linux-2/ServerSDK-Video/src/core_service/event_handler.cpp:1390: level 1: INFO    ( 6:58: 5: 34 |   10)  27944; AgoraVideoInput::Destroy
AgoraCoreService[27929]: (27929) /var/lib/jenkins/workspace/agora-release-linux-2/ServerSDK-Video/src/core_service/event_handler.cpp:1390: level 1: INFO    ( 6:58: 5: 34 |    0)  27953; Thread with name:ExternalCaptureThread stopped
AgoraCoreService[27929]: (27929) /var/lib/jenkins/workspace/agora-release-linux-2/ServerSDK-Video/src/core_service/event_handler.cpp:1390: level 1: INFO    ( 6:58: 5:110 |   76)  27952; Thread with name:AgoraInputThread stopped
AgoraCoreService[27929]: (27929) /var/lib/jenkins/workspace/agora-release-linux-2/ServerSDK-Video/src/core_service/media_file.cpp:737: MediaFile::stopAudioRecord uid=0
AgoraCoreService[27929]: (27929) /var/lib/jenkins/workspace/agora-release-linux-2/ServerSDK-Video/src/core_service/media_file.cpp:1148: MediaFile::CreateNewUidTimestampPerJoinuid=0,IsUserOffline_=1,time:20190114065804933,audio:0,H264:0,infotype:102
AgoraCoreService[27929]: (27929) /var/lib/jenkins/workspace/agora-release-linux-2/ServerSDK-Video/src/core_service/media_file.cpp:1177: MediaFile::CreateNewUidTimestampPerJoinuid=0,IsUserOffline_=1,time:20190114065804933,audio:0,H264:0,infotype:102
AgoraCoreService[27929]: (27929) /var/lib/jenkins/workspace/agora-release-linux-2/ServerSDK-Video/src/core_service/media_file.cpp:1185: MediaFile::ClearUidTimestampPerOfflineuid=0,IsUserOffline_=1,time:20190114065804933,audio:0,H264:0,infotype:102
AgoraCoreService[27929]: (27929) /var/lib/jenkins/workspace/agora-release-linux-2/ServerSDK-Video/src/core_service/media_file.cpp:1198: MediaFile::ClearUidTimestampPerOfflineuid=0,IsUserOffline_=1,time:20190114065804933,audio:0,H264:0,infotype:102
AgoraCoreService[27929]: (27929) /var/lib/jenkins/workspace/agora-release-linux-2/ServerSDK-Video/src/core_service/event_handler.cpp:1390: level 1: INFO    ( 6:58: 5:115 |    5)  27944; stopCapture: stopCapture success
AgoraCoreService[27929]: (27929) /var/lib/jenkins/workspace/agora-release-linux-2/ServerSDK-Video/src/core_service/event_handler.cpp:1390: level 1: INFO    ( 6:58: 5:115 |    0)  27944; stopRemoteRender
AgoraCoreService[27929]: (27929) /var/lib/jenkins/workspace/agora-release-linux-2/ServerSDK-Video/src/core_service/event_handler.cpp:1390: level 1: INFO    ( 6:58: 5:115 |    0)  27944; [che] stopCall begins
AgoraCoreService[27929]: (27929) /var/lib/jenkins/workspace/agora-release-linux-2/ServerSDK-Video/src/core_service/event_handler.cpp:1390: level 1: INFO    ( 6:58: 5:115 |    0)  27944; StopRecording complete
AgoraCoreService[27929]: (27929) /var/lib/jenkins/workspace/agora-release-linux-2/ServerSDK-Video/src/core_service/event_handler.cpp:1390: level 1: INFO    ( 6:58: 5:115 |    0)  27944; StopPlayout complete
AgoraCoreService[27929]: (27929) /var/lib/jenkins/workspace/agora-release-linux-2/ServerSDK-Video/src/core_service/event_handler.cpp:1390: level 1: INFO    ( 6:58: 5:115 |    0)  27944; [che] stop call returns 0, elapsed 0
AgoraCoreService[27929]: (27929) /var/lib/jenkins/workspace/agora-release-linux-2/ServerSDK-Video/src/core_service/event_handler.cpp:1390: level 1: INFO    ( 6:58: 5:115 |    0)  27944; [rs] **report stats: seq: 28, report list size 3, tx/rx: 5379/1200, cache size: 0
AgoraCoreService[27929]: (27929) /var/lib/jenkins/workspace/agora-release-linux-2/ServerSDK-Video/src/core_service/event_handler.cpp:1390: level 1: INFO    ( 6:58: 5:115 |    0)  27944; **CALL STATS: duration 12s, tx 7.120K bytes, rx 5.182K bytes, total 12.302K bytes
AgoraCoreService[27929]: (27929) /var/lib/jenkins/workspace/agora-release-linux-2/ServerSDK-Video/src/core_service/event_handler.cpp:1390: level 1: INFO    ( 6:58: 5:116 |    1)  27944; CacheManager: save cache to storage elapsed 0
AgoraCoreService[27929]: (27929) /var/lib/jenkins/workspace/agora-release-linux-2/ServerSDK-Video/src/core_service/event_handler.cpp:1390: level 1: INFO    ( 6:58: 5:116 |    0)  27944; [ch0] vos destroyed
AgoraCoreService[27929]: (27929) /var/lib/jenkins/workspace/agora-release-linux-2/ServerSDK-Video/src/core_service/event_handler.cpp:1390: level 1: INFO    ( 6:58: 5:116 |    0)  27944; delRef of media engine, ref=0
AgoraCoreService[27929]: (27929) /var/lib/jenkins/workspace/agora-release-linux-2/ServerSDK-Video/src/core_service/event_handler.cpp:1390: level 1: INFO    ( 6:58: 5:116 |    0)  27944; [che] chat engine destroying
AgoraCoreService[27929]: (27929) /var/lib/jenkins/workspace/agora-release-linux-2/ServerSDK-Video/src/core_service/event_handler.cpp:1390: level 1: INFO    ( 6:58: 5:116 |    0)  27944; stopLocalRender
AgoraCoreService[27929]: (27929) /var/lib/jenkins/workspace/agora-release-linux-2/ServerSDK-Video/src/core_service/event_handler.cpp:1390: level 1: INFO    ( 6:58: 5:116 |    0)  27944; stopLocalRender success
AgoraCoreService[27929]: (27929) /var/lib/jenkins/workspace/agora-release-linux-2/ServerSDK-Video/src/core_service/event_handler.cpp:1390: level 2: WARN    ( 6:58: 5:116 |    0)  27944; stopCapture: VideoEngine haven't startCapture
AgoraCoreService[27929]: (27929) /var/lib/jenkins/workspace/agora-release-linux-2/ServerSDK-Video/src/core_service/event_handler.cpp:1390: level 1: INFO    ( 6:58: 5:116 |    0)  27944; stopRemoteRender
AgoraCoreService[27929]: (27929) /var/lib/jenkins/workspace/agora-release-linux-2/ServerSDK-Video/src/core_service/event_handler.cpp:1390: level 1: INFO    ( 6:58: 5:116 |    0)  27944; [che] stopCall begins
AgoraCoreService[27929]: (27929) /var/lib/jenkins/workspace/agora-release-linux-2/ServerSDK-Video/src/core_service/event_handler.cpp:1390: level 1: INFO    ( 6:58: 5:116 |    0)  27944; [che] stop call returns -1, elapsed 0
AgoraCoreService[27929]: (27929) /var/lib/jenkins/workspace/agora-release-linux-2/ServerSDK-Video/src/core_service/event_handler.cpp:1390: level 1: INFO    ( 6:58: 5:116 |    0)  27944; stopLocalRender
AgoraCoreService[27929]: (27929) /var/lib/jenkins/workspace/agora-release-linux-2/ServerSDK-Video/src/core_service/event_handler.cpp:1390: level 1: INFO    ( 6:58: 5:116 |    0)  27944; stopLocalRender success
AgoraCoreService[27929]: (27929) /var/lib/jenkins/workspace/agora-release-linux-2/ServerSDK-Video/src/core_service/event_handler.cpp:1390: level 1: INFO    ( 6:58: 5:116 |    0)  27944; stopRemoteRender
AgoraCoreService[27929]: (27929) /var/lib/jenkins/workspace/agora-release-linux-2/ServerSDK-Video/src/core_service/event_handler.cpp:1390: level 2: WARN    ( 6:58: 5:116 |    0)  27944; stopCapture: VideoEngine haven't startCapture
AgoraCoreService[27929]: (27929) /var/lib/jenkins/workspace/agora-release-linux-2/ServerSDK-Video/src/core_service/event_handler.cpp:1390: level 1: INFO    ( 6:58: 5:116 |    0)  27950; Thread with name:VideoProcessThread stopped
AgoraCoreService[27929]: (27929) /var/lib/jenkins/workspace/agora-release-linux-2/ServerSDK-Video/src/core_service/event_handler.cpp:1390: level 2: WARN    ( 6:58: 5:126 |   10)  27944; terminate: VideoEngine haven't init
AgoraCoreService[27929]: (27929) /var/lib/jenkins/workspace/agora-release-linux-2/ServerSDK-Video/src/core_service/event_handler.cpp:1390: level 1: INFO    ( 6:58: 5:126 |    0)  27944; [DEBUGG] ViERenderManager Destructor, engine_id: 0
AgoraCoreService[27929]: (27929) /var/lib/jenkins/workspace/agora-release-linux-2/ServerSDK-Video/src/core_service/event_handler.cpp:1390: level 1: INFO    ( 6:58: 5:130 |    4)  27951; Thread with name:VideoEncodeThread stopped
AgoraCoreService[27929]: (27929) /var/lib/jenkins/workspace/agora-release-linux-2/ServerSDK-Video/src/core_service/event_handler.cpp:1390: level 1: INFO    ( 6:58: 5:137 |    7)  27944; AgoraCameraCapture::Dispose
AgoraCoreService[27929]: (27929) /var/lib/jenkins/workspace/agora-release-linux-2/ServerSDK-Video/src/core_service/event_handler.cpp:1390: level 1: INFO    ( 6:58: 5:137 |    0)  27944; VideoSendTrackImpl::UpdateCapturer capturer=(nil)
AgoraCoreService[27929]: (27929) /var/lib/jenkins/workspace/agora-release-linux-2/ServerSDK-Video/src/core_service/event_handler.cpp:1390: level 1: INFO    ( 6:58: 5:137 |    0)  27944; CreateVideoCapturer: interface=(nil)
AgoraCoreService[27929]: (27929) /var/lib/jenkins/workspace/agora-release-linux-2/ServerSDK-Video/src/core_service/event_handler.cpp:1390: level 1: INFO    ( 6:58: 5:137 |    0)  27944; VideoSendTrackImpl::UpdateRenderer, renderer=(nil)
AgoraCoreService[27929]: (27929) /var/lib/jenkins/workspace/agora-release-linux-2/ServerSDK-Video/src/core_service/event_handler.cpp:1390: level 1: INFO    ( 6:58: 5:137 |    0)  27944; CreateVideoRenderer: interface=(nil)
AgoraCoreService[27929]: (27929) /var/lib/jenkins/workspace/agora-release-linux-2/ServerSDK-Video/src/core_service/event_handler.cpp:1390: level 1: INFO    ( 6:58: 5:137 |    0)  27948; Thread with name:EngineMonitorThread stopped
AgoraCoreService[27929]: (27929) /var/lib/jenkins/workspace/agora-release-linux-2/ServerSDK-Video/src/core_service/event_handler.cpp:1390: level 1: INFO    ( 6:58: 5:147 |   10)  27946; Thread with name:external_audio_module_thread stopped
AgoraCoreService[27929]: (27929) /var/lib/jenkins/workspace/agora-release-linux-2/ServerSDK-Video/src/core_service/event_handler.cpp:1390: level 1: INFO    ( 6:58: 5:157 |   10)  27947; Thread with name:WebRtc_event_timer_thread stopped
AgoraCoreService[27929]: (27929) /var/lib/jenkins/workspace/agora-release-linux-2/ServerSDK-Video/src/core_service/event_handler.cpp:1390: level 1: INFO    ( 6:58: 5:168 |   11)  27944; [che] chat engine destroyed
AgoraCoreService[27929]: (27929) /var/lib/jenkins/workspace/agora-release-linux-2/ServerSDK-Video/src/core_service/event_handler.cpp:1390: level 1: INFO    ( 6:58: 5:168 |    0)  27944; ***CALL END
AgoraCoreService[27929]: (27929) /var/lib/jenkins/workspace/agora-release-linux-2/ServerSDK-Video/src/core_service/event_handler.cpp:1390: level 1: INFO    ( 6:58: 5:168 |    0)  27944; onAudioStatusChanged enable audio
AgoraCoreService[27929]: (27929) /var/lib/jenkins/workspace/agora-release-linux-2/ServerSDK-Video/src/core_service/event_handler.cpp:1390: level 1: INFO    ( 6:58: 5:168 |    0)  27944; [MIO] media io controller destroyed
AgoraCoreService[27929]: (27929) /var/lib/jenkins/workspace/agora-release-linux-2/ServerSDK-Video/src/core_service/event_handler.cpp:580: event handler delete timer
AgoraCoreService[27929]: (27929) /var/lib/jenkins/workspace/agora-release-linux-2/ServerSDK-Video/src/core_service/media_file.cpp:333: ~MediaFile
AgoraCoreService[27929]: (27929) /var/lib/jenkins/workspace/agora-release-linux-2/ServerSDK-Video/src/core_service/media_file.cpp:789: MediaFile::stopVideo,mediaCodecType:-1,mp4_video_recording_:0
AgoraCoreService[27929]: (27929) /var/lib/jenkins/workspace/agora-release-linux-2/ServerSDK-Video/src/core_service/media_file.cpp:333: ~MediaFile
AgoraCoreService[27929]: (27929) /var/lib/jenkins/workspace/agora-release-linux-2/ServerSDK-Video/src/core_service/media_file.cpp:789: MediaFile::stopVideo,mediaCodecType:0,mp4_video_recording_:0
node[27905]: (27905) /var/lib/jenkins/workspace/agora-release-linux-2/ServerSDK-Video/src/base/event_loop.cpp:228: Error fd:23, 16
node[27905]: (27905) /var/lib/jenkins/workspace/agora-release-linux-2/ServerSDK-Video/src/base/pipe_router.cpp:81: Broken reading pipe! event:16 with error3
node[27905]: (27905) /var/lib/jenkins/workspace/agora-release-linux-2/ServerSDK-Video/src/rec_engine/RecordingEngineImpl.cpp:566: API call to stopped on error in event loop thread
